#
# A fatal error has been detected by the Java Runtime Environment:
#
#  SIGSEGV (0xb) at pc=0x00007f37993e3507, pid=17421, tid=17422
#
# JRE version: OpenJDK Runtime Environment Corretto-17.0.9.8.1 (17.0.9+8) (build 17.0.9+8-LTS)
# Java VM: OpenJDK 64-Bit Server VM Corretto-17.0.9.8.1 (17.0.9+8-LTS, mixed mode, sharing, tiered, compressed oops, compressed class ptrs, g1 gc, linux-amd64)
# Problematic frame:
# V  [libjvm.so+0x7e3507]  methodHandle::~methodHandle()+0x17
#
# No core dump will be written. Core dumps have been disabled. To enable core dumping, try "ulimit -c unlimited" before starting Java again
#
# If you would like to submit a bug report, please visit:
#   https://github.com/corretto/corretto-17/issues/
#

---------------  S U M M A R Y ------------

Command Line: -Dvisualvm.id=26801371420371 -Dmaven.multiModuleProjectDirectory=/home/vladimirkapyrin/IdeaProjects/Spring_1 -Djansi.passthrough=true -Dmaven.home=/app/extra/IDEA-U/plugins/maven/lib/maven3 -Dclassworlds.conf=/app/extra/IDEA-U/plugins/maven/lib/maven3/bin/m2.conf -Dmaven.ext.class.path=/app/extra/IDEA-U/plugins/maven/lib/maven-event-listener.jar -javaagent:/app/extra/IDEA-U/lib/idea_rt.jar=38217:/app/extra/IDEA-U/bin -Dfile.encoding=UTF-8 org.codehaus.classworlds.Launcher -Didea.version=2023.3.3 install

Host: AMD Ryzen 5 4600H with Radeon Graphics, 16 cores, 14G, Freedesktop SDK 23.08 (Flatpak runtime)
Time: Sat Feb  3 15:40:39 2024 WET elapsed time: 0.209394 seconds (0d 0h 0m 0s)

---------------  T H R E A D  ---------------

Current thread (0x00007f37940279c0):  JavaThread "main" [_thread_in_vm, id=17422, stack(0x00007f3798b00000,0x00007f3798c00000)]

Stack: [0x00007f3798b00000,0x00007f3798c00000],  sp=0x00007f3798bfc930,  free space=1010k
Native frames: (J=compiled Java code, j=interpreted, Vv=VM code, C=native code)
V  [libjvm.so+0x7e3507]  methodHandle::~methodHandle()+0x17
V  [libjvm.so+0x83592a]  InstanceKlass::link_methods(JavaThread*)+0x7a
V  [libjvm.so+0x835c79]  InstanceKlass::link_class_impl(JavaThread*)+0x2d9
V  [libjvm.so+0x836e4b]  InstanceKlass::initialize_impl(JavaThread*)+0x11b
V  [libjvm.so+0x851d20]  InterpreterRuntime::_new(JavaThread*, ConstantPool*, int)+0x160
j  org.slf4j.impl.SimpleLogger.<clinit>()V+10
v  ~StubRoutines::call_stub
V  [libjvm.so+0x859164]  JavaCalls::call_helper(JavaValue*, methodHandle const&, JavaCallArguments*, JavaThread*)+0x334
V  [libjvm.so+0x835273]  InstanceKlass::call_class_initializer(JavaThread*)+0x1d3
V  [libjvm.so+0x837116]  InstanceKlass::initialize_impl(JavaThread*)+0x3e6
V  [libjvm.so+0xa9c868]  LinkResolver::resolve_static_call(CallInfo&, LinkInfo const&, bool, JavaThread*)+0x478
V  [libjvm.so+0xaa0a1c]  LinkResolver::resolve_invoke(CallInfo&, Handle, constantPoolHandle const&, int, Bytecodes::Code, JavaThread*)+0x2bc
V  [libjvm.so+0x853be0]  InterpreterRuntime::resolve_invoke(JavaThread*, Bytecodes::Code)+0x1b0
V  [libjvm.so+0x854185]  InterpreterRuntime::resolve_from_cache(JavaThread*, Bytecodes::Code)+0x105
j  org.slf4j.impl.SimpleLoggerFactory.<init>()V+15
j  org.slf4j.impl.MavenSimpleLoggerFactory.<init>()V+1
j  org.slf4j.impl.StaticLoggerBinder.<init>()V+9
j  org.slf4j.impl.StaticLoggerBinder.<clinit>()V+17
v  ~StubRoutines::call_stub
V  [libjvm.so+0x859164]  JavaCalls::call_helper(JavaValue*, methodHandle const&, JavaCallArguments*, JavaThread*)+0x334
V  [libjvm.so+0x835273]  InstanceKlass::call_class_initializer(JavaThread*)+0x1d3
V  [libjvm.so+0x837116]  InstanceKlass::initialize_impl(JavaThread*)+0x3e6
V  [libjvm.so+0xa9c868]  LinkResolver::resolve_static_call(CallInfo&, LinkInfo const&, bool, JavaThread*)+0x478
V  [libjvm.so+0xaa0a1c]  LinkResolver::resolve_invoke(CallInfo&, Handle, constantPoolHandle const&, int, Bytecodes::Code, JavaThread*)+0x2bc
V  [libjvm.so+0x853be0]  InterpreterRuntime::resolve_invoke(JavaThread*, Bytecodes::Code)+0x1b0
V  [libjvm.so+0x854185]  InterpreterRuntime::resolve_from_cache(JavaThread*, Bytecodes::Code)+0x105
j  org.slf4j.LoggerFactory.bind()V+16
j  org.slf4j.LoggerFactory.performInitialization()V+0
j  org.slf4j.LoggerFactory.getILoggerFactory()Lorg/slf4j/ILoggerFactory;+21
j  org.apache.maven.cli.MavenCli.logging(Lorg/apache/maven/cli/CliRequest;)V+70
j  org.apache.maven.cli.MavenCli.doMain(Lorg/apache/maven/cli/CliRequest;)I+19
j  org.apache.maven.cli.MavenCli.main([Ljava/lang/String;Lorg/codehaus/plexus/classworlds/ClassWorld;)I+24
v  ~StubRoutines::call_stub
V  [libjvm.so+0x859164]  JavaCalls::call_helper(JavaValue*, methodHandle const&, JavaCallArguments*, JavaThread*)+0x334
V  [libjvm.so+0xce162e]  invoke(InstanceKlass*, methodHandle const&, Handle, bool, objArrayHandle, BasicType, objArrayHandle, bool, JavaThread*) [clone .constprop.178]+0x44e
V  [libjvm.so+0xce282e]  Reflection::invoke_method(oopDesc*, Handle, objArrayHandle, JavaThread*)+0xfe
V  [libjvm.so+0x921ff7]  JVM_InvokeMethod+0x107
j  jdk.internal.reflect.NativeMethodAccessorImpl.invoke0(Ljava/lang/reflect/Method;Ljava/lang/Object;[Ljava/lang/Object;)Ljava/lang/Object;+0 java.base@17.0.9
j  jdk.internal.reflect.NativeMethodAccessorImpl.invoke(Ljava/lang/Object;[Ljava/lang/Object;)Ljava/lang/Object;+133 java.base@17.0.9
j  jdk.internal.reflect.DelegatingMethodAccessorImpl.invoke(Ljava/lang/Object;[Ljava/lang/Object;)Ljava/lang/Object;+6 java.base@17.0.9
j  java.lang.reflect.Method.invoke(Ljava/lang/Object;[Ljava/lang/Object;)Ljava/lang/Object;+59 java.base@17.0.9
j  org.codehaus.plexus.classworlds.launcher.Launcher.launchEnhanced([Ljava/lang/String;)V+45
j  org.codehaus.plexus.classworlds.launcher.Launcher.launch([Ljava/lang/String;)V+2
j  org.codehaus.plexus.classworlds.launcher.Launcher.mainWithExitCode([Ljava/lang/String;)I+108
j  org.codehaus.plexus.classworlds.launcher.Launcher.main([Ljava/lang/String;)V+1
j  org.codehaus.classworlds.Launcher.main([Ljava/lang/String;)V+1
v  ~StubRoutines::call_stub
V  [libjvm.so+0x859164]  JavaCalls::call_helper(JavaValue*, methodHandle const&, JavaCallArguments*, JavaThread*)+0x334
V  [libjvm.so+0x8f2faf]  jni_invoke_static(JNIEnv_*, JavaValue*, _jobject*, JNICallType, _jmethodID*, JNI_ArgumentPusher*, JavaThread*) [clone .isra.156] [clone .constprop.366]+0x15f
V  [libjvm.so+0x8f51b1]  jni_CallStaticVoidMethod+0x141
C  [libjli.so+0x555d]  JavaMain+0xd5d
C  [libjli.so+0x8379]  ThreadJavaMain+0x9
C  [libc.so.6+0x8ee39]

Java frames: (J=compiled Java code, j=interpreted, Vv=VM code)
j  org.slf4j.impl.SimpleLogger.<clinit>()V+10
v  ~StubRoutines::call_stub
j  org.slf4j.impl.SimpleLoggerFactory.<init>()V+15
j  org.slf4j.impl.MavenSimpleLoggerFactory.<init>()V+1
j  org.slf4j.impl.StaticLoggerBinder.<init>()V+9
j  org.slf4j.impl.StaticLoggerBinder.<clinit>()V+17
v  ~StubRoutines::call_stub
j  org.slf4j.LoggerFactory.bind()V+16
j  org.slf4j.LoggerFactory.performInitialization()V+0
j  org.slf4j.LoggerFactory.getILoggerFactory()Lorg/slf4j/ILoggerFactory;+21
j  org.apache.maven.cli.MavenCli.logging(Lorg/apache/maven/cli/CliRequest;)V+70
j  org.apache.maven.cli.MavenCli.doMain(Lorg/apache/maven/cli/CliRequest;)I+19
j  org.apache.maven.cli.MavenCli.main([Ljava/lang/String;Lorg/codehaus/plexus/classworlds/ClassWorld;)I+24
v  ~StubRoutines::call_stub
j  jdk.internal.reflect.NativeMethodAccessorImpl.invoke0(Ljava/lang/reflect/Method;Ljava/lang/Object;[Ljava/lang/Object;)Ljava/lang/Object;+0 java.base@17.0.9
j  jdk.internal.reflect.NativeMethodAccessorImpl.invoke(Ljava/lang/Object;[Ljava/lang/Object;)Ljava/lang/Object;+133 java.base@17.0.9
j  jdk.internal.reflect.DelegatingMethodAccessorImpl.invoke(Ljava/lang/Object;[Ljava/lang/Object;)Ljava/lang/Object;+6 java.base@17.0.9
j  java.lang.reflect.Method.invoke(Ljava/lang/Object;[Ljava/lang/Object;)Ljava/lang/Object;+59 java.base@17.0.9
j  org.codehaus.plexus.classworlds.launcher.Launcher.launchEnhanced([Ljava/lang/String;)V+45
j  org.codehaus.plexus.classworlds.launcher.Launcher.launch([Ljava/lang/String;)V+2
j  org.codehaus.plexus.classworlds.launcher.Launcher.mainWithExitCode([Ljava/lang/String;)I+108
j  org.codehaus.plexus.classworlds.launcher.Launcher.main([Ljava/lang/String;)V+1
j  org.codehaus.classworlds.Launcher.main([Ljava/lang/String;)V+1
v  ~StubRoutines::call_stub

siginfo: si_signo: 11 (SIGSEGV), si_code: 128 (SI_KERNEL), si_addr: 0x0000000000000000

Registers:
RAX=0x00007f3794028520, RBX=0x00007f37940279c0, RCX=0x0000000000000038, RDX=0x00007f3794028520
RSP=0x00007f3798bfc930, RBP=0x00007f3798bfc930, RSI=0x0000000000000007, RDI=0x7c98eda09e4816f6
R8 =0x00007f37174a7d00, R9 =0x0000000000000008, R10=0x0000000000000000, R11=0x0000000000000000
R12=0x0000000000000020, R13=0x00007f3798bfc950, R14=0x0000000000000000, R15=0x00007f371c017ab0
RIP=0x00007f37993e3507, EFLAGS=0x0000000000010206, CSGSFS=0x002b000000000033, ERR=0x0000000000000000
  TRAPNO=0x000000000000000d


Register to memory mapping:

RAX=0x00007f3794028520 points into unknown readable memory: 0x00007f3717404268 | 68 42 40 17 37 7f 00 00
RBX=0x00007f37940279c0 is a thread
RCX=0x0000000000000038 is an unknown value
RDX=0x00007f3794028520 points into unknown readable memory: 0x00007f3717404268 | 68 42 40 17 37 7f 00 00
RSP=0x00007f3798bfc930 is pointing into the stack for thread: 0x00007f37940279c0
RBP=0x00007f3798bfc930 is pointing into the stack for thread: 0x00007f37940279c0
RSI=0x0000000000000007 is an unknown value
RDI=0x7c98eda09e4816f6 is an unknown value
R8 ={method} {0x00007f37174a7d00} 'getStringProperty' '(Ljava/lang/String;)Ljava/lang/String;' in 'org/slf4j/impl/SimpleLoggerConfiguration'
R9 =0x0000000000000008 is an unknown value
R10=0x0 is NULL
R11=0x0 is NULL
R12=0x0000000000000020 is an unknown value
R13=0x00007f3798bfc950 is pointing into the stack for thread: 0x00007f37940279c0
R14=0x0 is NULL
R15=0x00007f371c017ab0 is a pointer to class: 
org.slf4j.impl.SimpleLoggerConfiguration {0x00007f371c017ab0}
 - instance size:     6
 - klass size:        70
 - access:            public synchronized 
 - state:             loaded
 - name:              'org/slf4j/impl/SimpleLoggerConfiguration'
 - super:             'java/lang/Object'
 - sub:               
 - arrays:            NULL
 - methods:           Array<T>(0x00007f37174a7640)
 - method ordering:   Array<T>(0x00007f371b911b00)
 - default_methods:   Array<T>(0x0000000000000000)
 - local interfaces:  Array<T>(0x00007f371b5d6008)
 - trans. interfaces: Array<T>(0x00007f371b5d6008)
 - constants:         constant pool [276] {0x00007f37174a6b68} for 'org/slf4j/impl/SimpleLoggerConfiguration' cache=0x00007f37174a80e0
 - class loader data:  loader data: 0x00007f37942af280 for instance a 'org/codehaus/plexus/classworlds/realm/ClassRealm'{0x000000071ee7bbd0}
 - source file:       'SimpleLoggerConfiguration.java'
 - class annotations:       Array<T>(0x0000000000000000)
 - class type annotations:  Array<T>(0x0000000000000000)
 - field annotations:       Array<T>(0x0000000000000000)
 - field type annotations:  Array<T>(0x0000000000000000)
 - inner classes:     Array<T>(0x00007f37174a80c0)
 - nest members:     Array<T>(0x00007f371b5d5f98)
 - permitted subclasses:     Array<T>(0x00007f371b5d5f98)
 - java mirror:       a 'java/lang/Class'{0x000000071ea5e4f8} = 'org/slf4j/impl/SimpleLoggerConfiguration'
 - vtable length      9  (start addr: 0x00007f371c017c80)
 - itable length      2 (start addr: 0x00007f371c017cc8)
 - ---- static fields (4 words):
 - private static final 'CONFIGURATION_FILE' 'Ljava/lang/String;' @112 
 - static 'DEFAULT_LOG_LEVEL_DEFAULT' 'I' @132 
 - private static final 'SHOW_DATE_TIME_DEFAULT' 'Z' @136 
 - private static final 'DATE_TIME_FORMAT_STR_DEFAULT' 'Ljava/lang/String;' @116 
 - private static 'dateTimeFormatStr' 'Ljava/lang/String;' @120 
 - private static final 'SHOW_THREAD_NAME_DEFAULT' 'Z' @137 
 - private static final 'SHOW_THREAD_ID_DEFAULT' 'Z' @138 
 - static final 'SHOW_LOG_NAME_DEFAULT' 'Z' @139 
 - private static final 'SHOW_SHORT_LOG_NAME_DEFAULT' 'Z' @140 
 - private static final 'LEVEL_IN_BRACKETS_DEFAULT' 'Z' @141 
 - private static 'LOG_FILE_DEFAULT' 'Ljava/lang/String;' @124 
 - private static final 'CACHE_OUTPUT_STREAM_DEFAULT' 'Z' @142 
 - private static final 'WARN_LEVELS_STRING_DEFAULT' 'Ljava/lang/String;' @128 
 - ---- non-static fields (8 words):
 - 'defaultLogLevel' 'I' @12 
 - 'showDateTime' 'Z' @16 
 - 'showThreadName' 'Z' @17 
 - 'showThreadId' 'Z' @18 
 - 'showLogName' 'Z' @19 
 - 'showShortLogName' 'Z' @20 
 - 'levelInBrackets' 'Z' @21 
 - private 'cacheOutputStream' 'Z' @22 
 - 'dateFormatter' 'Ljava/text/DateFormat;' @24 
 - private 'logFile' 'Ljava/lang/String;' @28 
 - 'outputChoice' 'Lorg/slf4j/impl/OutputChoice;' @32 
 - 'warnLevelString' 'Ljava/lang/String;' @36 
 - private final 'properties' 'Ljava/util/Properties;' @40 
 - non-static oop maps: 24-40 


Top of Stack: (sp=0x00007f3798bfc930)
0x00007f3798bfc930:   00007f3798bfc990 00007f379943592a
0x00007f3798bfc940:   00007f36f0003b80 00007f36f0003dd0
0x00007f3798bfc950:   00007f37174a7d00 00007f37940279c0
0x00007f3798bfc960:   00007f3798bfc970 00007f371c017ab0
0x00007f3798bfc970:   00007f3798bfca40 00007f3798bfca00
0x00007f3798bfc980:   00007f3798bfc9c0 00007f37940279c0
0x00007f3798bfc990:   00007f3798bfcac0 00007f3799435c79
0x00007f3798bfc9a0:   00007f3798bfc9e0 e5d79997366acd00
0x00007f3798bfc9b0:   0000000000000000 00007f37940284c8
0x00007f3798bfc9c0:   00007f37940279c0 00007f37940284c8
0x00007f3798bfc9d0:   0000000000000001 00007f3794460d00
0x00007f3798bfc9e0:   00007f3798bfcb40 00007f3799a89b2a
0x00007f3798bfc9f0:   00007f371c017480 00007f379a1c01bb
0x00007f3798bfca00:   00007f37940279c0 00007f37940283d0
0x00007f3798bfca10:   00007f3794028410 00007f37940284c8
0x00007f3798bfca20:   00007f37940284f8 00000000000000d8
0x00007f3798bfca30:   00007f3798bfcb10 00007f371c017ab0
0x00007f3798bfca40:   0000000000000000 000000000bac7880
0x00007f3798bfca50:   00007f3794027901 00007f3794037460
0x00007f3798bfca60:   00007f37940374d0 00007f37940375d0
0x00007f3798bfca70:   00007f3794029454 00007f3794029468
0x00007f3798bfca80:   0000000300000001 00007f3700000001
0x00007f3798bfca90:   00007f3798bfcaa0 00007f37940279c0
0x00007f3798bfcaa0:   00007f371c017ab0 00007f3798bfcb10
0x00007f3798bfcab0:   0000000000000012 00007f37940279c0
0x00007f3798bfcac0:   00007f3798bfcc60 00007f3799436e4b
0x00007f3798bfcad0:   00007f37940279c0 00007f37940283d0
0x00007f3798bfcae0:   00007f3794028410 00007f37940284c0
0x00007f3798bfcaf0:   00007f37940284f8 00000000000000d8
0x00007f3798bfcb00:   00007f3798bfcdb0 00007f3798bfcbc0
0x00007f3798bfcb10:   00007f37940279c0 00007f37940283d0
0x00007f3798bfcb20:   00007f3794028410 00007f37940284c8 

Instructions: (pc=0x00007f37993e3507)
0x00007f37993e3407:   89 71 f8 8b 33 39 f2 7c d8 8b 73 04 39 d6 7e 21
0x00007f37993e3417:   48 63 ca 48 8d 0c c8 48 85 c9 74 75 48 c7 01 00
0x00007f37993e3427:   00 00 00 8b 73 04 83 c2 01 48 83 c1 08 39 f2 7c
0x00007f37993e3437:   e6 48 8b 7b 08 48 85 ff 74 13 f6 43 10 01 74 0d
0x00007f37993e3447:   48 89 45 e8 e8 e0 f9 ff ff 48 8b 45 e8 48 89 43
0x00007f37993e3457:   08 48 63 13 e9 f9 fe ff ff 0f bd ff b9 20 00 00
0x00007f37993e3467:   00 83 f7 1f 29 f9 bf 01 00 00 00 d3 e7 e9 3a ff
0x00007f37993e3477:   ff ff 0f 1f 80 00 00 00 00 83 c2 01 b9 08 00 00
0x00007f37993e3487:   00 39 f2 0f 8c 58 ff ff ff e9 7b ff ff ff 0f 1f
0x00007f37993e3497:   00 83 c2 01 b9 08 00 00 00 39 f2 0f 8c 7b ff ff
0x00007f37993e34a7:   ff eb 8e 66 0f 1f 44 00 00 48 d1 ea be 08 00 00
0x00007f37993e34b7:   00 83 fa 1a 74 13 e8 4e f9 ff ff e9 0f ff ff ff
0x00007f37993e34c7:   66 0f 1f 84 00 00 00 00 00 e8 9b f8 ff ff e9 fc
0x00007f37993e34d7:   fe ff ff 66 0f 1f 44 00 00 be 08 00 00 00 e8 86
0x00007f37993e34e7:   f8 ff ff e9 e7 fe ff ff 90 55 4c 8b 07 48 89 e5
0x00007f37993e34f7:   4d 85 c0 74 7b 48 8b 47 08 48 8b b8 48 02 00 00
0x00007f37993e3507:   44 8b 0f 44 89 ce 83 ee 01 78 32 48 8b 57 08 48
0x00007f37993e3517:   63 c6 48 8d 0c c5 00 00 00 00 4c 3b 04 c2 74 4e
0x00007f37993e3527:   48 8d 54 0a f8 89 f0 eb 0c 48 83 ea 08 4c 3b 42
0x00007f37993e3537:   08 74 0c 89 c8 8d 48 ff 83 f9 ff 75 ec 31 c0 41
0x00007f37993e3547:   39 c1 7e 2a 48 63 d0 48 c1 e2 03 66 0f 1f 44 00
0x00007f37993e3557:   00 48 8b 4f 08 83 c0 01 48 8b 34 11 48 89 74 11
0x00007f37993e3567:   f8 8b 0f 48 83 c2 08 39 c1 7f e6 8d 71 ff 89 37
0x00007f37993e3577:   5d c3 90 66 0f 1f 44 00 00 55 48 89 e5 41 54 53
0x00007f37993e3587:   48 83 ec 10 4c 8b 26 4d 85 e4 4c 89 27 74 52 48
0x00007f37993e3597:   8b 46 08 48 89 fb 48 85 c0 74 2e 48 89 43 08 48
0x00007f37993e35a7:   8b 98 48 02 00 00 48 63 13 3b 53 04 74 4b 48 8b
0x00007f37993e35b7:   43 08 8d 4a 01 89 0b 4c 89 24 d0 48 83 c4 10 5b
0x00007f37993e35c7:   41 5c 5d c3 0f 1f 44 00 00 66 48 8d 3d d8 19 d9
0x00007f37993e35d7:   00 66 66 48 e8 90 f4 a6 ff 48 8b 00 eb bd 0f 1f
0x00007f37993e35e7:   00 48 c7 47 08 00 00 00 00 48 83 c4 10 5b 41 5c
0x00007f37993e35f7:   5d c3 0f 1f 80 00 00 00 00 89 d7 83 c7 01 0f 84 


Stack slot to memory mapping:
stack at sp + 0 slots: 0x00007f3798bfc990 is pointing into the stack for thread: 0x00007f37940279c0
stack at sp + 1 slots: 0x00007f379943592a: <offset 0x000000000083592a> in /home/vladimirkapyrin/javarush/sdk/amazon-corretto-17.0.9.8.1-linux-x64/lib/server/libjvm.so at 0x00007f3798c00000
stack at sp + 2 slots: 0x00007f36f0003b80 points into unknown readable memory: 0x00007f36fc002be0 | e0 2b 00 fc 36 7f 00 00
stack at sp + 3 slots: 0x00007f36f0003dd0 points into unknown readable memory: 0x00007f36f0001f80 | 80 1f 00 f0 36 7f 00 00
stack at sp + 4 slots: {method} {0x00007f37174a7d00} 'getStringProperty' '(Ljava/lang/String;)Ljava/lang/String;' in 'org/slf4j/impl/SimpleLoggerConfiguration'
stack at sp + 5 slots: 0x00007f37940279c0 is a thread
stack at sp + 6 slots: 0x00007f3798bfc970 is pointing into the stack for thread: 0x00007f37940279c0
stack at sp + 7 slots: 0x00007f371c017ab0 is a pointer to class: 
org.slf4j.impl.SimpleLoggerConfiguration {0x00007f371c017ab0}
 - instance size:     6
 - klass size:        70
 - access:            public synchronized 
 - state:             loaded
 - name:              'org/slf4j/impl/SimpleLoggerConfiguration'
 - super:             'java/lang/Object'
 - sub:               
 - arrays:            NULL
 - methods:           Array<T>(0x00007f37174a7640)
 - method ordering:   Array<T>(0x00007f371b911b00)
 - default_methods:   Array<T>(0x0000000000000000)
 - local interfaces:  Array<T>(0x00007f371b5d6008)
 - trans. interfaces: Array<T>(0x00007f371b5d6008)
 - constants:         constant pool [276] {0x00007f37174a6b68} for 'org/slf4j/impl/SimpleLoggerConfiguration' cache=0x00007f37174a80e0
 - class loader data:  loader data: 0x00007f37942af280 for instance a 'org/codehaus/plexus/classworlds/realm/ClassRealm'{0x000000071ee7bbd0}
 - source file:       'SimpleLoggerConfiguration.java'
 - class annotations:       Array<T>(0x0000000000000000)
 - class type annotations:  Array<T>(0x0000000000000000)
 - field annotations:       Array<T>(0x0000000000000000)
 - field type annotations:  Array<T>(0x0000000000000000)
 - inner classes:     Array<T>(0x00007f37174a80c0)
 - nest members:     Array<T>(0x00007f371b5d5f98)
 - permitted subclasses:     Array<T>(0x00007f371b5d5f98)
 - java mirror:       a 'java/lang/Class'{0x000000071ea5e4f8} = 'org/slf4j/impl/SimpleLoggerConfiguration'
 - vtable length      9  (start addr: 0x00007f371c017c80)
 - itable length      2 (start addr: 0x00007f371c017cc8)
 - ---- static fields (4 words):
 - private static final 'CONFIGURATION_FILE' 'Ljava/lang/String;' @112 
 - static 'DEFAULT_LOG_LEVEL_DEFAULT' 'I' @132 
 - private static final 'SHOW_DATE_TIME_DEFAULT' 'Z' @136 
 - private static final 'DATE_TIME_FORMAT_STR_DEFAULT' 'Ljava/lang/String;' @116 
 - private static 'dateTimeFormatStr' 'Ljava/lang/String;' @120 
 - private static final 'SHOW_THREAD_NAME_DEFAULT' 'Z' @137 
 - private static final 'SHOW_THREAD_ID_DEFAULT' 'Z' @138 
 - static final 'SHOW_LOG_NAME_DEFAULT' 'Z' @139 
 - private static final 'SHOW_SHORT_LOG_NAME_DEFAULT' 'Z' @140 
 - private static final 'LEVEL_IN_BRACKETS_DEFAULT' 'Z' @141 
 - private static 'LOG_FILE_DEFAULT' 'Ljava/lang/String;' @124 
 - private static final 'CACHE_OUTPUT_STREAM_DEFAULT' 'Z' @142 
 - private static final 'WARN_LEVELS_STRING_DEFAULT' 'Ljava/lang/String;' @128 
 - ---- non-static fields (8 words):
 - 'defaultLogLevel' 'I' @12 
 - 'showDateTime' 'Z' @16 
 - 'showThreadName' 'Z' @17 
 - 'showThreadId' 'Z' @18 
 - 'showLogName' 'Z' @19 
 - 'showShortLogName' 'Z' @20 
 - 'levelInBrackets' 'Z' @21 
 - private 'cacheOutputStream' 'Z' @22 
 - 'dateFormatter' 'Ljava/text/DateFormat;' @24 
 - private 'logFile' 'Ljava/lang/String;' @28 
 - 'outputChoice' 'Lorg/slf4j/impl/OutputChoice;' @32 
 - 'warnLevelString' 'Ljava/lang/String;' @36 
 - private final 'properties' 'Ljava/util/Properties;' @40 
 - non-static oop maps: 24-40 


---------------  P R O C E S S  ---------------

Threads class SMR info:
_java_thread_list=0x00007f3794229550, length=12, elements={
0x00007f37940279c0, 0x00007f379418a610, 0x00007f379418ba00, 0x00007f37941950f0,
0x00007f37941964b0, 0x00007f37941978d0, 0x00007f3794199290, 0x00007f379419a7d0,
0x00007f37941a3c40, 0x00007f37941af1c0, 0x00007f37942265b0, 0x00007f37942289c0
}

Java Threads: ( => current thread )
=>0x00007f37940279c0 JavaThread "main" [_thread_in_vm, id=17422, stack(0x00007f3798b00000,0x00007f3798c00000)]
  0x00007f379418a610 JavaThread "Reference Handler" daemon [_thread_blocked, id=17429, stack(0x00007f3770700000,0x00007f3770800000)]
  0x00007f379418ba00 JavaThread "Finalizer" daemon [_thread_blocked, id=17430, stack(0x00007f3770600000,0x00007f3770700000)]
  0x00007f37941950f0 JavaThread "Signal Dispatcher" daemon [_thread_blocked, id=17431, stack(0x00007f3770500000,0x00007f3770600000)]
  0x00007f37941964b0 JavaThread "Service Thread" daemon [_thread_blocked, id=17432, stack(0x00007f3770100000,0x00007f3770200000)]
  0x00007f37941978d0 JavaThread "Monitor Deflation Thread" daemon [_thread_blocked, id=17433, stack(0x00007f3770000000,0x00007f3770100000)]
  0x00007f3794199290 JavaThread "C2 CompilerThread0" daemon [_thread_blocked, id=17434, stack(0x00007f3716f00000,0x00007f3717000000)]
  0x00007f379419a7d0 JavaThread "C1 CompilerThread0" daemon [_thread_blocked, id=17435, stack(0x00007f3716e00000,0x00007f3716f00000)]
  0x00007f37941a3c40 JavaThread "Sweeper thread" daemon [_thread_blocked, id=17436, stack(0x00007f3716d00000,0x00007f3716e00000)]
  0x00007f37941af1c0 JavaThread "Common-Cleaner" daemon [_thread_blocked, id=17437, stack(0x00007f3716c00000,0x00007f3716d00000)]
  0x00007f37942265b0 JavaThread "Monitor Ctrl-Break" daemon [_thread_in_native, id=17438, stack(0x00007f3716b00000,0x00007f3716c00000)]
  0x00007f37942289c0 JavaThread "Notification Thread" daemon [_thread_blocked, id=17439, stack(0x00007f3716700000,0x00007f3716800000)]

Other Threads:
  0x00007f3794186550 VMThread "VM Thread" [stack: 0x00007f3770b7e000,0x00007f3770c7e000] [id=17428]
  0x00007f3794029d30 WatcherThread [stack: 0x00007f3716300000,0x00007f3716400000] [id=17440]
  0x00007f379408fda0 GCTaskThread "GC Thread#0" [stack: 0x00007f3773a8d000,0x00007f3773b8d000] [id=17423]
  0x00007f37940a0390 ConcurrentGCThread "G1 Main Marker" [stack: 0x00007f377398c000,0x00007f3773a8c000] [id=17424]
  0x00007f37940a1300 ConcurrentGCThread "G1 Conc#0" [stack: 0x00007f377388b000,0x00007f377398b000] [id=17425]
  0x00007f3794158b70 ConcurrentGCThread "G1 Refine#0" [stack: 0x00007f3770d80000,0x00007f3770e80000] [id=17426]
  0x00007f3794159a70 ConcurrentGCThread "G1 Service" [stack: 0x00007f3770c7f000,0x00007f3770d7f000] [id=17427]

Threads with active compile tasks:

VM state: not at safepoint (normal execution)

VM Mutex/Monitor currently owned by a thread: None

Heap address: 0x0000000710200000, size: 3838 MB, Compressed Oops mode: Zero based, Oop shift amount: 3

CDS archive(s) mapped at: [0x00007f371b000000-0x00007f371bbc6000-0x00007f371bbc6000), size 12345344, SharedBaseAddress: 0x00007f371b000000, ArchiveRelocationMode: 1.
Compressed class space mapped at: 0x00007f371c000000-0x00007f375c000000, reserved size: 1073741824
Narrow klass base: 0x00007f371b000000, Narrow klass shift: 0, Narrow klass range: 0x100000000

GC Precious Log:
 CPUs: 16 total, 12 available
 Memory: 15347M
 Large Page Support: Disabled
 NUMA Support: Disabled
 Compressed Oops: Enabled (Zero based)
 Heap Region Size: 2M
 Heap Min Capacity: 8M
 Heap Initial Capacity: 240M
 Heap Max Capacity: 3838M
 Pre-touch: Disabled
 Parallel Workers: 10
 Concurrent Workers: 3
 Concurrent Refinement Workers: 10
 Periodic GC: Disabled

Heap:
 garbage-first heap   total 249856K, used 6064K [0x0000000710200000, 0x0000000800000000)
  region size 2048K, 4 young (8192K), 0 survivors (0K)
 Metaspace       used 2167K, committed 2304K, reserved 1114112K
  class space    used 200K, committed 256K, reserved 1048576K

Heap Regions: E=young(eden), S=young(survivor), O=old, HS=humongous(starts), HC=humongous(continues), CS=collection set, F=free, OA=open archive, CA=closed archive, TAMS=top-at-mark-start (previous, next)
|   0|0x0000000710200000, 0x0000000710200000, 0x0000000710400000|  0%| F|  |TAMS 0x0000000710200000, 0x0000000710200000| Untracked 
|   1|0x0000000710400000, 0x0000000710400000, 0x0000000710600000|  0%| F|  |TAMS 0x0000000710400000, 0x0000000710400000| Untracked 
|   2|0x0000000710600000, 0x0000000710600000, 0x0000000710800000|  0%| F|  |TAMS 0x0000000710600000, 0x0000000710600000| Untracked 
|   3|0x0000000710800000, 0x0000000710800000, 0x0000000710a00000|  0%| F|  |TAMS 0x0000000710800000, 0x0000000710800000| Untracked 
|   4|0x0000000710a00000, 0x0000000710a00000, 0x0000000710c00000|  0%| F|  |TAMS 0x0000000710a00000, 0x0000000710a00000| Untracked 
|   5|0x0000000710c00000, 0x0000000710c00000, 0x0000000710e00000|  0%| F|  |TAMS 0x0000000710c00000, 0x0000000710c00000| Untracked 
|   6|0x0000000710e00000, 0x0000000710e00000, 0x0000000711000000|  0%| F|  |TAMS 0x0000000710e00000, 0x0000000710e00000| Untracked 
|   7|0x0000000711000000, 0x0000000711000000, 0x0000000711200000|  0%| F|  |TAMS 0x0000000711000000, 0x0000000711000000| Untracked 
|   8|0x0000000711200000, 0x0000000711200000, 0x0000000711400000|  0%| F|  |TAMS 0x0000000711200000, 0x0000000711200000| Untracked 
|   9|0x0000000711400000, 0x0000000711400000, 0x0000000711600000|  0%| F|  |TAMS 0x0000000711400000, 0x0000000711400000| Untracked 
|  10|0x0000000711600000, 0x0000000711600000, 0x0000000711800000|  0%| F|  |TAMS 0x0000000711600000, 0x0000000711600000| Untracked 
|  11|0x0000000711800000, 0x0000000711800000, 0x0000000711a00000|  0%| F|  |TAMS 0x0000000711800000, 0x0000000711800000| Untracked 
|  12|0x0000000711a00000, 0x0000000711a00000, 0x0000000711c00000|  0%| F|  |TAMS 0x0000000711a00000, 0x0000000711a00000| Untracked 
|  13|0x0000000711c00000, 0x0000000711c00000, 0x0000000711e00000|  0%| F|  |TAMS 0x0000000711c00000, 0x0000000711c00000| Untracked 
|  14|0x0000000711e00000, 0x0000000711e00000, 0x0000000712000000|  0%| F|  |TAMS 0x0000000711e00000, 0x0000000711e00000| Untracked 
|  15|0x0000000712000000, 0x0000000712000000, 0x0000000712200000|  0%| F|  |TAMS 0x0000000712000000, 0x0000000712000000| Untracked 
|  16|0x0000000712200000, 0x0000000712200000, 0x0000000712400000|  0%| F|  |TAMS 0x0000000712200000, 0x0000000712200000| Untracked 
|  17|0x0000000712400000, 0x0000000712400000, 0x0000000712600000|  0%| F|  |TAMS 0x0000000712400000, 0x0000000712400000| Untracked 
|  18|0x0000000712600000, 0x0000000712600000, 0x0000000712800000|  0%| F|  |TAMS 0x0000000712600000, 0x0000000712600000| Untracked 
|  19|0x0000000712800000, 0x0000000712800000, 0x0000000712a00000|  0%| F|  |TAMS 0x0000000712800000, 0x0000000712800000| Untracked 
|  20|0x0000000712a00000, 0x0000000712a00000, 0x0000000712c00000|  0%| F|  |TAMS 0x0000000712a00000, 0x0000000712a00000| Untracked 
|  21|0x0000000712c00000, 0x0000000712c00000, 0x0000000712e00000|  0%| F|  |TAMS 0x0000000712c00000, 0x0000000712c00000| Untracked 
|  22|0x0000000712e00000, 0x0000000712e00000, 0x0000000713000000|  0%| F|  |TAMS 0x0000000712e00000, 0x0000000712e00000| Untracked 
|  23|0x0000000713000000, 0x0000000713000000, 0x0000000713200000|  0%| F|  |TAMS 0x0000000713000000, 0x0000000713000000| Untracked 
|  24|0x0000000713200000, 0x0000000713200000, 0x0000000713400000|  0%| F|  |TAMS 0x0000000713200000, 0x0000000713200000| Untracked 
|  25|0x0000000713400000, 0x0000000713400000, 0x0000000713600000|  0%| F|  |TAMS 0x0000000713400000, 0x0000000713400000| Untracked 
|  26|0x0000000713600000, 0x0000000713600000, 0x0000000713800000|  0%| F|  |TAMS 0x0000000713600000, 0x0000000713600000| Untracked 
|  27|0x0000000713800000, 0x0000000713800000, 0x0000000713a00000|  0%| F|  |TAMS 0x0000000713800000, 0x0000000713800000| Untracked 
|  28|0x0000000713a00000, 0x0000000713a00000, 0x0000000713c00000|  0%| F|  |TAMS 0x0000000713a00000, 0x0000000713a00000| Untracked 
|  29|0x0000000713c00000, 0x0000000713c00000, 0x0000000713e00000|  0%| F|  |TAMS 0x0000000713c00000, 0x0000000713c00000| Untracked 
|  30|0x0000000713e00000, 0x0000000713e00000, 0x0000000714000000|  0%| F|  |TAMS 0x0000000713e00000, 0x0000000713e00000| Untracked 
|  31|0x0000000714000000, 0x0000000714000000, 0x0000000714200000|  0%| F|  |TAMS 0x0000000714000000, 0x0000000714000000| Untracked 
|  32|0x0000000714200000, 0x0000000714200000, 0x0000000714400000|  0%| F|  |TAMS 0x0000000714200000, 0x0000000714200000| Untracked 
|  33|0x0000000714400000, 0x0000000714400000, 0x0000000714600000|  0%| F|  |TAMS 0x0000000714400000, 0x0000000714400000| Untracked 
|  34|0x0000000714600000, 0x0000000714600000, 0x0000000714800000|  0%| F|  |TAMS 0x0000000714600000, 0x0000000714600000| Untracked 
|  35|0x0000000714800000, 0x0000000714800000, 0x0000000714a00000|  0%| F|  |TAMS 0x0000000714800000, 0x0000000714800000| Untracked 
|  36|0x0000000714a00000, 0x0000000714a00000, 0x0000000714c00000|  0%| F|  |TAMS 0x0000000714a00000, 0x0000000714a00000| Untracked 
|  37|0x0000000714c00000, 0x0000000714c00000, 0x0000000714e00000|  0%| F|  |TAMS 0x0000000714c00000, 0x0000000714c00000| Untracked 
|  38|0x0000000714e00000, 0x0000000714e00000, 0x0000000715000000|  0%| F|  |TAMS 0x0000000714e00000, 0x0000000714e00000| Untracked 
|  39|0x0000000715000000, 0x0000000715000000, 0x0000000715200000|  0%| F|  |TAMS 0x0000000715000000, 0x0000000715000000| Untracked 
|  40|0x0000000715200000, 0x0000000715200000, 0x0000000715400000|  0%| F|  |TAMS 0x0000000715200000, 0x0000000715200000| Untracked 
|  41|0x0000000715400000, 0x0000000715400000, 0x0000000715600000|  0%| F|  |TAMS 0x0000000715400000, 0x0000000715400000| Untracked 
|  42|0x0000000715600000, 0x0000000715600000, 0x0000000715800000|  0%| F|  |TAMS 0x0000000715600000, 0x0000000715600000| Untracked 
|  43|0x0000000715800000, 0x0000000715800000, 0x0000000715a00000|  0%| F|  |TAMS 0x0000000715800000, 0x0000000715800000| Untracked 
|  44|0x0000000715a00000, 0x0000000715a00000, 0x0000000715c00000|  0%| F|  |TAMS 0x0000000715a00000, 0x0000000715a00000| Untracked 
|  45|0x0000000715c00000, 0x0000000715c00000, 0x0000000715e00000|  0%| F|  |TAMS 0x0000000715c00000, 0x0000000715c00000| Untracked 
|  46|0x0000000715e00000, 0x0000000715e00000, 0x0000000716000000|  0%| F|  |TAMS 0x0000000715e00000, 0x0000000715e00000| Untracked 
|  47|0x0000000716000000, 0x0000000716000000, 0x0000000716200000|  0%| F|  |TAMS 0x0000000716000000, 0x0000000716000000| Untracked 
|  48|0x0000000716200000, 0x0000000716200000, 0x0000000716400000|  0%| F|  |TAMS 0x0000000716200000, 0x0000000716200000| Untracked 
|  49|0x0000000716400000, 0x0000000716400000, 0x0000000716600000|  0%| F|  |TAMS 0x0000000716400000, 0x0000000716400000| Untracked 
|  50|0x0000000716600000, 0x0000000716600000, 0x0000000716800000|  0%| F|  |TAMS 0x0000000716600000, 0x0000000716600000| Untracked 
|  51|0x0000000716800000, 0x0000000716800000, 0x0000000716a00000|  0%| F|  |TAMS 0x0000000716800000, 0x0000000716800000| Untracked 
|  52|0x0000000716a00000, 0x0000000716a00000, 0x0000000716c00000|  0%| F|  |TAMS 0x0000000716a00000, 0x0000000716a00000| Untracked 
|  53|0x0000000716c00000, 0x0000000716c00000, 0x0000000716e00000|  0%| F|  |TAMS 0x0000000716c00000, 0x0000000716c00000| Untracked 
|  54|0x0000000716e00000, 0x0000000716e00000, 0x0000000717000000|  0%| F|  |TAMS 0x0000000716e00000, 0x0000000716e00000| Untracked 
|  55|0x0000000717000000, 0x0000000717000000, 0x0000000717200000|  0%| F|  |TAMS 0x0000000717000000, 0x0000000717000000| Untracked 
|  56|0x0000000717200000, 0x0000000717200000, 0x0000000717400000|  0%| F|  |TAMS 0x0000000717200000, 0x0000000717200000| Untracked 
|  57|0x0000000717400000, 0x0000000717400000, 0x0000000717600000|  0%| F|  |TAMS 0x0000000717400000, 0x0000000717400000| Untracked 
|  58|0x0000000717600000, 0x0000000717600000, 0x0000000717800000|  0%| F|  |TAMS 0x0000000717600000, 0x0000000717600000| Untracked 
|  59|0x0000000717800000, 0x0000000717800000, 0x0000000717a00000|  0%| F|  |TAMS 0x0000000717800000, 0x0000000717800000| Untracked 
|  60|0x0000000717a00000, 0x0000000717a00000, 0x0000000717c00000|  0%| F|  |TAMS 0x0000000717a00000, 0x0000000717a00000| Untracked 
|  61|0x0000000717c00000, 0x0000000717c00000, 0x0000000717e00000|  0%| F|  |TAMS 0x0000000717c00000, 0x0000000717c00000| Untracked 
|  62|0x0000000717e00000, 0x0000000717e00000, 0x0000000718000000|  0%| F|  |TAMS 0x0000000717e00000, 0x0000000717e00000| Untracked 
|  63|0x0000000718000000, 0x0000000718000000, 0x0000000718200000|  0%| F|  |TAMS 0x0000000718000000, 0x0000000718000000| Untracked 
|  64|0x0000000718200000, 0x0000000718200000, 0x0000000718400000|  0%| F|  |TAMS 0x0000000718200000, 0x0000000718200000| Untracked 
|  65|0x0000000718400000, 0x0000000718400000, 0x0000000718600000|  0%| F|  |TAMS 0x0000000718400000, 0x0000000718400000| Untracked 
|  66|0x0000000718600000, 0x0000000718600000, 0x0000000718800000|  0%| F|  |TAMS 0x0000000718600000, 0x0000000718600000| Untracked 
|  67|0x0000000718800000, 0x0000000718800000, 0x0000000718a00000|  0%| F|  |TAMS 0x0000000718800000, 0x0000000718800000| Untracked 
|  68|0x0000000718a00000, 0x0000000718a00000, 0x0000000718c00000|  0%| F|  |TAMS 0x0000000718a00000, 0x0000000718a00000| Untracked 
|  69|0x0000000718c00000, 0x0000000718c00000, 0x0000000718e00000|  0%| F|  |TAMS 0x0000000718c00000, 0x0000000718c00000| Untracked 
|  70|0x0000000718e00000, 0x0000000718e00000, 0x0000000719000000|  0%| F|  |TAMS 0x0000000718e00000, 0x0000000718e00000| Untracked 
|  71|0x0000000719000000, 0x0000000719000000, 0x0000000719200000|  0%| F|  |TAMS 0x0000000719000000, 0x0000000719000000| Untracked 
|  72|0x0000000719200000, 0x0000000719200000, 0x0000000719400000|  0%| F|  |TAMS 0x0000000719200000, 0x0000000719200000| Untracked 
|  73|0x0000000719400000, 0x0000000719400000, 0x0000000719600000|  0%| F|  |TAMS 0x0000000719400000, 0x0000000719400000| Untracked 
|  74|0x0000000719600000, 0x0000000719600000, 0x0000000719800000|  0%| F|  |TAMS 0x0000000719600000, 0x0000000719600000| Untracked 
|  75|0x0000000719800000, 0x0000000719800000, 0x0000000719a00000|  0%| F|  |TAMS 0x0000000719800000, 0x0000000719800000| Untracked 
|  76|0x0000000719a00000, 0x0000000719a00000, 0x0000000719c00000|  0%| F|  |TAMS 0x0000000719a00000, 0x0000000719a00000| Untracked 
|  77|0x0000000719c00000, 0x0000000719c00000, 0x0000000719e00000|  0%| F|  |TAMS 0x0000000719c00000, 0x0000000719c00000| Untracked 
|  78|0x0000000719e00000, 0x0000000719e00000, 0x000000071a000000|  0%| F|  |TAMS 0x0000000719e00000, 0x0000000719e00000| Untracked 
|  79|0x000000071a000000, 0x000000071a000000, 0x000000071a200000|  0%| F|  |TAMS 0x000000071a000000, 0x000000071a000000| Untracked 
|  80|0x000000071a200000, 0x000000071a200000, 0x000000071a400000|  0%| F|  |TAMS 0x000000071a200000, 0x000000071a200000| Untracked 
|  81|0x000000071a400000, 0x000000071a400000, 0x000000071a600000|  0%| F|  |TAMS 0x000000071a400000, 0x000000071a400000| Untracked 
|  82|0x000000071a600000, 0x000000071a600000, 0x000000071a800000|  0%| F|  |TAMS 0x000000071a600000, 0x000000071a600000| Untracked 
|  83|0x000000071a800000, 0x000000071a800000, 0x000000071aa00000|  0%| F|  |TAMS 0x000000071a800000, 0x000000071a800000| Untracked 
|  84|0x000000071aa00000, 0x000000071aa00000, 0x000000071ac00000|  0%| F|  |TAMS 0x000000071aa00000, 0x000000071aa00000| Untracked 
|  85|0x000000071ac00000, 0x000000071ac00000, 0x000000071ae00000|  0%| F|  |TAMS 0x000000071ac00000, 0x000000071ac00000| Untracked 
|  86|0x000000071ae00000, 0x000000071ae00000, 0x000000071b000000|  0%| F|  |TAMS 0x000000071ae00000, 0x000000071ae00000| Untracked 
|  87|0x000000071b000000, 0x000000071b000000, 0x000000071b200000|  0%| F|  |TAMS 0x000000071b000000, 0x000000071b000000| Untracked 
|  88|0x000000071b200000, 0x000000071b200000, 0x000000071b400000|  0%| F|  |TAMS 0x000000071b200000, 0x000000071b200000| Untracked 
|  89|0x000000071b400000, 0x000000071b400000, 0x000000071b600000|  0%| F|  |TAMS 0x000000071b400000, 0x000000071b400000| Untracked 
|  90|0x000000071b600000, 0x000000071b600000, 0x000000071b800000|  0%| F|  |TAMS 0x000000071b600000, 0x000000071b600000| Untracked 
|  91|0x000000071b800000, 0x000000071b800000, 0x000000071ba00000|  0%| F|  |TAMS 0x000000071b800000, 0x000000071b800000| Untracked 
|  92|0x000000071ba00000, 0x000000071ba00000, 0x000000071bc00000|  0%| F|  |TAMS 0x000000071ba00000, 0x000000071ba00000| Untracked 
|  93|0x000000071bc00000, 0x000000071bc00000, 0x000000071be00000|  0%| F|  |TAMS 0x000000071bc00000, 0x000000071bc00000| Untracked 
|  94|0x000000071be00000, 0x000000071be00000, 0x000000071c000000|  0%| F|  |TAMS 0x000000071be00000, 0x000000071be00000| Untracked 
|  95|0x000000071c000000, 0x000000071c000000, 0x000000071c200000|  0%| F|  |TAMS 0x000000071c000000, 0x000000071c000000| Untracked 
|  96|0x000000071c200000, 0x000000071c200000, 0x000000071c400000|  0%| F|  |TAMS 0x000000071c200000, 0x000000071c200000| Untracked 
|  97|0x000000071c400000, 0x000000071c400000, 0x000000071c600000|  0%| F|  |TAMS 0x000000071c400000, 0x000000071c400000| Untracked 
|  98|0x000000071c600000, 0x000000071c600000, 0x000000071c800000|  0%| F|  |TAMS 0x000000071c600000, 0x000000071c600000| Untracked 
|  99|0x000000071c800000, 0x000000071c800000, 0x000000071ca00000|  0%| F|  |TAMS 0x000000071c800000, 0x000000071c800000| Untracked 
| 100|0x000000071ca00000, 0x000000071ca00000, 0x000000071cc00000|  0%| F|  |TAMS 0x000000071ca00000, 0x000000071ca00000| Untracked 
| 101|0x000000071cc00000, 0x000000071cc00000, 0x000000071ce00000|  0%| F|  |TAMS 0x000000071cc00000, 0x000000071cc00000| Untracked 
| 102|0x000000071ce00000, 0x000000071ce00000, 0x000000071d000000|  0%| F|  |TAMS 0x000000071ce00000, 0x000000071ce00000| Untracked 
| 103|0x000000071d000000, 0x000000071d000000, 0x000000071d200000|  0%| F|  |TAMS 0x000000071d000000, 0x000000071d000000| Untracked 
| 104|0x000000071d200000, 0x000000071d200000, 0x000000071d400000|  0%| F|  |TAMS 0x000000071d200000, 0x000000071d200000| Untracked 
| 105|0x000000071d400000, 0x000000071d400000, 0x000000071d600000|  0%| F|  |TAMS 0x000000071d400000, 0x000000071d400000| Untracked 
| 106|0x000000071d600000, 0x000000071d600000, 0x000000071d800000|  0%| F|  |TAMS 0x000000071d600000, 0x000000071d600000| Untracked 
| 107|0x000000071d800000, 0x000000071d800000, 0x000000071da00000|  0%| F|  |TAMS 0x000000071d800000, 0x000000071d800000| Untracked 
| 108|0x000000071da00000, 0x000000071da00000, 0x000000071dc00000|  0%| F|  |TAMS 0x000000071da00000, 0x000000071da00000| Untracked 
| 109|0x000000071dc00000, 0x000000071dc00000, 0x000000071de00000|  0%| F|  |TAMS 0x000000071dc00000, 0x000000071dc00000| Untracked 
| 110|0x000000071de00000, 0x000000071de00000, 0x000000071e000000|  0%| F|  |TAMS 0x000000071de00000, 0x000000071de00000| Untracked 
| 111|0x000000071e000000, 0x000000071e000000, 0x000000071e200000|  0%| F|  |TAMS 0x000000071e000000, 0x000000071e000000| Untracked 
| 112|0x000000071e200000, 0x000000071e200000, 0x000000071e400000|  0%| F|  |TAMS 0x000000071e200000, 0x000000071e200000| Untracked 
| 113|0x000000071e400000, 0x000000071e400000, 0x000000071e600000|  0%| F|  |TAMS 0x000000071e400000, 0x000000071e400000| Untracked 
| 114|0x000000071e600000, 0x000000071e600000, 0x000000071e800000|  0%| F|  |TAMS 0x000000071e600000, 0x000000071e600000| Untracked 
| 115|0x000000071e800000, 0x000000071e800000, 0x000000071ea00000|  0%| F|  |TAMS 0x000000071e800000, 0x000000071e800000| Untracked 
| 116|0x000000071ea00000, 0x000000071ea71258, 0x000000071ec00000| 22%| E|  |TAMS 0x000000071ea00000, 0x000000071ea00000| Complete 
| 117|0x000000071ec00000, 0x000000071ee00000, 0x000000071ee00000|100%| E|CS|TAMS 0x000000071ec00000, 0x000000071ec00000| Complete 
| 118|0x000000071ee00000, 0x000000071f000000, 0x000000071f000000|100%| E|  |TAMS 0x000000071ee00000, 0x000000071ee00000| Complete 
| 119|0x000000071f000000, 0x000000071f200000, 0x000000071f200000|100%| E|CS|TAMS 0x000000071f000000, 0x000000071f000000| Complete 
|1917|0x00000007ffc00000, 0x00000007ffd75000, 0x00000007ffe00000| 72%|OA|  |TAMS 0x00000007ffc00000, 0x00000007ffc00000| Untracked 
|1918|0x00000007ffe00000, 0x00000007ffe77000, 0x0000000800000000| 23%|CA|  |TAMS 0x00000007ffe00000, 0x00000007ffe00000| Untracked 

Card table byte_map: [0x00007f377bafc000,0x00007f377c27b000] _byte_map_base: 0x00007f377827b000

Marking Bits (Prev, Next): (CMBitMap*) 0x00007f3794090830, (CMBitMap*) 0x00007f3794090870
 Prev Bits: [0x00007f3777785000, 0x00007f377b37d000)
 Next Bits: [0x00007f3773b8d000, 0x00007f3777785000)

Polling page: 0x00007f379a789000

Metaspace:

Usage:
  Non-class:      1,92 MB used.
      Class:    200,11 KB used.
       Both:      2,12 MB used.

Virtual space:
  Non-class space:       64,00 MB reserved,       2,00 MB (  3%) committed,  1 nodes.
      Class space:        1,00 GB reserved,     256,00 KB ( <1%) committed,  1 nodes.
             Both:        1,06 GB reserved,       2,25 MB ( <1%) committed. 

Chunk freelists:
   Non-Class:  11,33 MB
       Class:  15,66 MB
        Both:  26,98 MB

MaxMetaspaceSize: unlimited
CompressedClassSpaceSize: 1,00 GB
Initial GC threshold: 21,00 MB
Current GC threshold: 21,00 MB
CDS: on
MetaspaceReclaimPolicy: balanced
 - commit_granule_bytes: 65536.
 - commit_granule_words: 8192.
 - virtual_space_node_default_size: 8388608.
 - enlarge_chunks_in_place: 1.
 - new_chunks_are_fully_committed: 0.
 - uncommit_free_chunks: 1.
 - use_allocation_guard: 0.
 - handle_deallocations: 1.


Internal statistics:

num_allocs_failed_limit: 0.
num_arena_births: 18.
num_arena_deaths: 0.
num_vsnodes_births: 2.
num_vsnodes_deaths: 0.
num_space_committed: 36.
num_space_uncommitted: 0.
num_chunks_returned_to_freelist: 0.
num_chunks_taken_from_freelist: 57.
num_chunk_merges: 0.
num_chunk_splits: 39.
num_chunks_enlarged: 31.
num_inconsistent_stats: 0.

CodeHeap 'non-profiled nmethods': size=120028Kb used=143Kb max_used=143Kb free=119884Kb
 bounds [0x00007f3784ac9000, 0x00007f3784d39000, 0x00007f378c000000]
CodeHeap 'profiled nmethods': size=120028Kb used=668Kb max_used=668Kb free=119359Kb
 bounds [0x00007f377d000000, 0x00007f377d270000, 0x00007f3784537000]
CodeHeap 'non-nmethods': size=5704Kb used=1126Kb max_used=1141Kb free=4578Kb
 bounds [0x00007f3784537000, 0x00007f37847a7000, 0x00007f3784ac9000]
 total_blobs=872 nmethods=460 adapters=326
 compilation: enabled
              stopped_count=0, restarted_count=0
 full_count=0

Compilation events (20 events):
Event: 0,187 Thread 0x00007f379419a7d0  446       3       java.lang.Character$UnicodeBlock::<init> (17 bytes)
Event: 0,187 Thread 0x00007f379419a7d0 nmethod 446 0x00007f377d09fd90 code [0x00007f377d09ff80, 0x00007f377d0a0410]
Event: 0,187 Thread 0x00007f379419a7d0  447       3       java.lang.Character$Subset::<init> (24 bytes)
Event: 0,187 Thread 0x00007f379419a7d0 nmethod 447 0x00007f377d0a0590 code [0x00007f377d0a0740, 0x00007f377d0a0a20]
Event: 0,188 Thread 0x00007f379419a7d0  449       3       java.util.zip.Inflater::ensureOpen (47 bytes)
Event: 0,188 Thread 0x00007f379419a7d0 nmethod 449 0x00007f377d0a0b10 code [0x00007f377d0a0cc0, 0x00007f377d0a0f00]
Event: 0,189 Thread 0x00007f379419a7d0  450       3       sun.net.util.IPAddressUtil::scan (92 bytes)
Event: 0,190 Thread 0x00007f379419a7d0 nmethod 450 0x00007f377d0a1010 code [0x00007f377d0a1280, 0x00007f377d0a1db0]
Event: 0,191 Thread 0x00007f379419a7d0  451       3       jdk.internal.jimage.ImageStringsReader::hashCode (33 bytes)
Event: 0,191 Thread 0x00007f379419a7d0 nmethod 451 0x00007f377d0a2310 code [0x00007f377d0a24c0, 0x00007f377d0a2630]
Event: 0,191 Thread 0x00007f379419a7d0  452       3       java.util.Optional::empty (6 bytes)
Event: 0,192 Thread 0x00007f379419a7d0 nmethod 452 0x00007f377d0a2710 code [0x00007f377d0a28a0, 0x00007f377d0a2990]
Event: 0,193 Thread 0x00007f3794199290  454 %     4       java.lang.StringLatin1::indexOf @ 14 (121 bytes)
Event: 0,193 Thread 0x00007f379419a7d0  453       3       org.codehaus.plexus.classworlds.realm.ClassRealm::getClassLoadingLock (38 bytes)
Event: 0,193 Thread 0x00007f379419a7d0 nmethod 453 0x00007f377d0a2a10 code [0x00007f377d0a2bc0, 0x00007f377d0a2ec0]
Event: 0,193 Thread 0x00007f379419a7d0  455       3       jdk.internal.access.SharedSecrets::javaUtilJarAccess (19 bytes)
Event: 0,194 Thread 0x00007f379419a7d0 nmethod 455 0x00007f377d0a3010 code [0x00007f377d0a3200, 0x00007f377d0a35c0]
Event: 0,195 Thread 0x00007f379419a7d0  457   !   3       java.util.zip.InflaterInputStream::read (138 bytes)
Event: 0,196 Thread 0x00007f379419a7d0 nmethod 457 0x00007f377d0a3790 code [0x00007f377d0a3a40, 0x00007f377d0a4770]
Event: 0,196 Thread 0x00007f379419a7d0  458       3       java.util.zip.InflaterInputStream::ensureOpen (18 bytes)

GC Heap History (0 events):
No events

Dll operation events (11 events):
Event: 0,004 Loaded shared library /home/vladimirkapyrin/javarush/sdk/amazon-corretto-17.0.9.8.1-linux-x64/lib/libjava.so
Event: 0,033 Loaded shared library /home/vladimirkapyrin/javarush/sdk/amazon-corretto-17.0.9.8.1-linux-x64/lib/libjsvml.so
Event: 0,079 Loaded shared library /home/vladimirkapyrin/javarush/sdk/amazon-corretto-17.0.9.8.1-linux-x64/lib/libzip.so
Event: 0,080 Loaded shared library /home/vladimirkapyrin/javarush/sdk/amazon-corretto-17.0.9.8.1-linux-x64/lib/libinstrument.so
Event: 0,083 Loaded shared library /home/vladimirkapyrin/javarush/sdk/amazon-corretto-17.0.9.8.1-linux-x64/lib/libnio.so
Event: 0,088 Loaded shared library /home/vladimirkapyrin/javarush/sdk/amazon-corretto-17.0.9.8.1-linux-x64/lib/libzip.so
Event: 0,094 Loaded shared library /home/vladimirkapyrin/javarush/sdk/amazon-corretto-17.0.9.8.1-linux-x64/lib/libnet.so
Event: 0,102 Loaded shared library /home/vladimirkapyrin/javarush/sdk/amazon-corretto-17.0.9.8.1-linux-x64/lib/libextnet.so
Event: 0,154 Loaded shared library /home/vladimirkapyrin/javarush/sdk/amazon-corretto-17.0.9.8.1-linux-x64/lib/libjimage.so
Event: 0,161 Loaded shared library /tmp/jansi-2.4.0-7983c9b27c33b0dc-libjansi.so
Event: 0,168 Loaded shared library /home/vladimirkapyrin/javarush/sdk/amazon-corretto-17.0.9.8.1-linux-x64/lib/libverify.so

Deoptimization events (10 events):
Event: 0,134 Thread 0x00007f37940279c0 DEOPT PACKING pc=0x00007f377d03195a sp=0x00007f3798bf92e0
Event: 0,134 Thread 0x00007f37940279c0 DEOPT UNPACKING pc=0x00007f378458de2f sp=0x00007f3798bf8720 mode 0
Event: 0,144 Thread 0x00007f37940279c0 Uncommon trap: trap_request=0xffffff45 fr.pc=0x00007f3784adff14 relative=0x0000000000000174
Event: 0,144 Thread 0x00007f37940279c0 Uncommon trap: reason=unstable_if action=reinterpret pc=0x00007f3784adff14 method=java.util.zip.ZipFile$Source.isMetaName([BII)Z @ 43 c2
Event: 0,144 Thread 0x00007f37940279c0 DEOPT PACKING pc=0x00007f3784adff14 sp=0x00007f3798bfbeb0
Event: 0,144 Thread 0x00007f37940279c0 DEOPT UNPACKING pc=0x00007f378458d699 sp=0x00007f3798bfbe78 mode 2
Event: 0,192 Thread 0x00007f37940279c0 Uncommon trap: trap_request=0xffffffde fr.pc=0x00007f3784ad4f3c relative=0x000000000000043c
Event: 0,192 Thread 0x00007f37940279c0 Uncommon trap: reason=class_check action=maybe_recompile pc=0x00007f3784ad4f3c method=java.util.HashMap.putVal(ILjava/lang/Object;Ljava/lang/Object;ZZ)Ljava/lang/Object; @ 253 c2
Event: 0,192 Thread 0x00007f37940279c0 DEOPT PACKING pc=0x00007f3784ad4f3c sp=0x00007f3798bfdb50
Event: 0,192 Thread 0x00007f37940279c0 DEOPT UNPACKING pc=0x00007f378458d699 sp=0x00007f3798bfdaf0 mode 2

Classes unloaded (0 events):
No events

Classes redefined (0 events):
No events

Internal exceptions (5 events):
Event: 0,096 Thread 0x00007f37942265b0 Exception <a 'java/lang/NoSuchMethodError'{0x000000071ee03220}: 'java.lang.Object java.lang.invoke.DirectMethodHandle$Holder.invokeStaticInit(java.lang.Object)'> (0x000000071ee03220) 
thrown [src/hotspot/share/interpreter/linkResolver.cpp, line 759]
Event: 0,103 Thread 0x00007f37942265b0 Exception <a 'java/lang/NoSuchMethodError'{0x000000071ee11468}: 'void java.lang.invoke.DirectMethodHandle$Holder.invokeStatic(java.lang.Object, java.lang.Object)'> (0x000000071ee11468) 
thrown [src/hotspot/share/interpreter/linkResolver.cpp, line 759]
Event: 0,110 Thread 0x00007f37940279c0 Exception <a 'java/lang/NoSuchMethodError'{0x000000071eea1c60}: 'int java.lang.invoke.DirectMethodHandle$Holder.invokeSpecial(java.lang.Object, java.lang.Object, java.lang.Object)'> (0x000000071eea1c60) 
thrown [src/hotspot/share/interpreter/linkResolver.cpp, line 759]
Event: 0,152 Thread 0x00007f37940279c0 Exception <a 'java/lang/NullPointerException'{0x000000071ecbe730}> (0x000000071ecbe730) 
thrown [src/hotspot/share/interpreter/linkResolver.cpp, line 1350]
Event: 0,180 Thread 0x00007f37940279c0 Exception <a 'java/lang/NoSuchMethodError'{0x000000071edb6bf8}: 'void java.lang.invoke.DirectMethodHandle$Holder.invokeStatic(java.lang.Object, java.lang.Object, java.lang.Object)'> (0x000000071edb6bf8) 
thrown [src/hotspot/share/interpreter/linkResolver.cpp, line 759]

VM Operations (6 events):
Event: 0,068 Executing VM operation: HandshakeAllThreads
Event: 0,068 Executing VM operation: HandshakeAllThreads done
Event: 0,095 Executing VM operation: HandshakeAllThreads
Event: 0,095 Executing VM operation: HandshakeAllThreads done
Event: 0,156 Executing VM operation: HandshakeAllThreads
Event: 0,156 Executing VM operation: HandshakeAllThreads done

Events (20 events):
Event: 0,190 loading class java/util/concurrent/LinkedBlockingQueue
Event: 0,190 loading class java/util/concurrent/BlockingQueue
Event: 0,190 loading class java/util/concurrent/BlockingQueue done
Event: 0,190 loading class java/util/AbstractQueue
Event: 0,190 loading class java/util/AbstractQueue done
Event: 0,190 loading class java/util/concurrent/LinkedBlockingQueue done
Event: 0,190 loading class java/util/concurrent/locks/AbstractQueuedSynchronizer$ConditionObject
Event: 0,190 loading class java/util/concurrent/locks/Condition
Event: 0,190 loading class java/util/concurrent/locks/Condition done
Event: 0,190 loading class java/util/concurrent/locks/AbstractQueuedSynchronizer$ConditionObject done
Event: 0,190 loading class java/util/concurrent/LinkedBlockingQueue$Node
Event: 0,190 loading class java/util/concurrent/LinkedBlockingQueue$Node done
Event: 0,191 loading class java/net/URLClassLoader$3
Event: 0,192 loading class java/net/URLClassLoader$3 done
Event: 0,192 loading class java/net/URLClassLoader$3$1
Event: 0,192 loading class java/net/URLClassLoader$3$1 done
Event: 0,192 loading class java/util/LinkedHashMap$LinkedKeySet
Event: 0,192 loading class java/util/LinkedHashMap$LinkedKeySet done
Event: 0,192 loading class java/util/LinkedHashMap$LinkedKeyIterator
Event: 0,192 loading class java/util/LinkedHashMap$LinkedKeyIterator done


Dynamic libraries:
710200000-71f200000 rw-p 00000000 00:00 0 
71f200000-7ffc00000 ---p 00000000 00:00 0 
7ffc00000-7ffd00000 rw-p 00000000 00:00 0 
7ffd00000-7ffd75000 rw-p 00c75000 103:09 2526995                         /home/vladimirkapyrin/javarush/sdk/amazon-corretto-17.0.9.8.1-linux-x64/lib/server/classes.jsa
7ffd75000-7ffe00000 rw-p 00000000 00:00 0 
7ffe00000-7ffe77000 rw-p 00bfe000 103:09 2526995                         /home/vladimirkapyrin/javarush/sdk/amazon-corretto-17.0.9.8.1-linux-x64/lib/server/classes.jsa
7ffe77000-800000000 rw-p 00000000 00:00 0 
55a60b400000-55a60b401000 r-xp 00000000 103:09 2527095                   /home/vladimirkapyrin/javarush/sdk/amazon-corretto-17.0.9.8.1-linux-x64/bin/java
55a60b601000-55a60b602000 r--p 00001000 103:09 2527095                   /home/vladimirkapyrin/javarush/sdk/amazon-corretto-17.0.9.8.1-linux-x64/bin/java
55a60b602000-55a60b603000 rw-p 00002000 103:09 2527095                   /home/vladimirkapyrin/javarush/sdk/amazon-corretto-17.0.9.8.1-linux-x64/bin/java
55a60c9e3000-55a60ca2b000 rw-p 00000000 00:00 0                          [heap]
7f36e0000000-7f36e0021000 rw-p 00000000 00:00 0 
7f36e0021000-7f36e4000000 ---p 00000000 00:00 0 
7f36e4000000-7f36e4021000 rw-p 00000000 00:00 0 
7f36e4021000-7f36e8000000 ---p 00000000 00:00 0 
7f36e8000000-7f36e8021000 rw-p 00000000 00:00 0 
7f36e8021000-7f36ec000000 ---p 00000000 00:00 0 
7f36ec000000-7f36ec021000 rw-p 00000000 00:00 0 
7f36ec021000-7f36f0000000 ---p 00000000 00:00 0 
7f36f0000000-7f36f00e2000 rw-p 00000000 00:00 0 
7f36f00e2000-7f36f4000000 ---p 00000000 00:00 0 
7f36f4000000-7f36f4021000 rw-p 00000000 00:00 0 
7f36f4021000-7f36f8000000 ---p 00000000 00:00 0 
7f36f8000000-7f36f8021000 rw-p 00000000 00:00 0 
7f36f8021000-7f36fc000000 ---p 00000000 00:00 0 
7f36fc000000-7f36fc15b000 rw-p 00000000 00:00 0 
7f36fc15b000-7f3700000000 ---p 00000000 00:00 0 
7f3700000000-7f3700021000 rw-p 00000000 00:00 0 
7f3700021000-7f3704000000 ---p 00000000 00:00 0 
7f3704000000-7f3704021000 rw-p 00000000 00:00 0 
7f3704021000-7f3708000000 ---p 00000000 00:00 0 
7f3708000000-7f3708021000 rw-p 00000000 00:00 0 
7f3708021000-7f370c000000 ---p 00000000 00:00 0 
7f370c000000-7f370c021000 rw-p 00000000 00:00 0 
7f370c021000-7f3710000000 ---p 00000000 00:00 0 
7f3710000000-7f3710021000 rw-p 00000000 00:00 0 
7f3710021000-7f3714000000 ---p 00000000 00:00 0 
7f371516e000-7f3715400000 rw-p 00000000 00:00 0 
7f3715400000-7f371540d000 r-xp 00000000 103:09 2526982                   /home/vladimirkapyrin/javarush/sdk/amazon-corretto-17.0.9.8.1-linux-x64/lib/libverify.so
7f371540d000-7f371560c000 ---p 0000d000 103:09 2526982                   /home/vladimirkapyrin/javarush/sdk/amazon-corretto-17.0.9.8.1-linux-x64/lib/libverify.so
7f371560c000-7f371560e000 r--p 0000c000 103:09 2526982                   /home/vladimirkapyrin/javarush/sdk/amazon-corretto-17.0.9.8.1-linux-x64/lib/libverify.so
7f371560e000-7f371560f000 rw-p 00000000 00:00 0 
7f3715800000-7f3715803000 r-xp 00000000 00:33 4550                       /tmp/jansi-2.4.0-7983c9b27c33b0dc-libjansi.so
7f3715803000-7f3715a02000 ---p 00003000 00:33 4550                       /tmp/jansi-2.4.0-7983c9b27c33b0dc-libjansi.so
7f3715a02000-7f3715a03000 rw-p 00002000 00:33 4550                       /tmp/jansi-2.4.0-7983c9b27c33b0dc-libjansi.so
7f3715c00000-7f3715c02000 r-xp 00000000 103:09 2527029                   /home/vladimirkapyrin/javarush/sdk/amazon-corretto-17.0.9.8.1-linux-x64/lib/libextnet.so
7f3715c02000-7f3715e01000 ---p 00002000 103:09 2527029                   /home/vladimirkapyrin/javarush/sdk/amazon-corretto-17.0.9.8.1-linux-x64/lib/libextnet.so
7f3715e01000-7f3715e02000 r--p 00001000 103:09 2527029                   /home/vladimirkapyrin/javarush/sdk/amazon-corretto-17.0.9.8.1-linux-x64/lib/libextnet.so
7f3715e02000-7f3715e03000 rw-p 00000000 00:00 0 
7f3715eaa000-7f3716000000 rw-p 00000000 00:00 0 
7f3716000000-7f3716015000 r-xp 00000000 103:09 2526980                   /home/vladimirkapyrin/javarush/sdk/amazon-corretto-17.0.9.8.1-linux-x64/lib/libnet.so
7f3716015000-7f3716214000 ---p 00015000 103:09 2526980                   /home/vladimirkapyrin/javarush/sdk/amazon-corretto-17.0.9.8.1-linux-x64/lib/libnet.so
7f3716214000-7f3716215000 r--p 00014000 103:09 2526980                   /home/vladimirkapyrin/javarush/sdk/amazon-corretto-17.0.9.8.1-linux-x64/lib/libnet.so
7f3716215000-7f3716216000 rw-p 00015000 103:09 2526980                   /home/vladimirkapyrin/javarush/sdk/amazon-corretto-17.0.9.8.1-linux-x64/lib/libnet.so
7f37162ff000-7f3716300000 ---p 00000000 00:00 0 
7f3716300000-7f3716400000 rw-p 00000000 00:00 0 
7f3716400000-7f3716412000 r-xp 00000000 103:09 2526981                   /home/vladimirkapyrin/javarush/sdk/amazon-corretto-17.0.9.8.1-linux-x64/lib/libnio.so
7f3716412000-7f3716611000 ---p 00012000 103:09 2526981                   /home/vladimirkapyrin/javarush/sdk/amazon-corretto-17.0.9.8.1-linux-x64/lib/libnio.so
7f3716611000-7f3716612000 r--p 00011000 103:09 2526981                   /home/vladimirkapyrin/javarush/sdk/amazon-corretto-17.0.9.8.1-linux-x64/lib/libnio.so
7f3716612000-7f3716613000 rw-p 00012000 103:09 2526981                   /home/vladimirkapyrin/javarush/sdk/amazon-corretto-17.0.9.8.1-linux-x64/lib/libnio.so
7f3716700000-7f3716704000 ---p 00000000 00:00 0 
7f3716704000-7f3716800000 rw-p 00000000 00:00 0 
7f3716800000-7f3716807000 r-xp 00000000 103:09 2526983                   /home/vladimirkapyrin/javarush/sdk/amazon-corretto-17.0.9.8.1-linux-x64/lib/libzip.so
7f3716807000-7f3716a07000 ---p 00007000 103:09 2526983                   /home/vladimirkapyrin/javarush/sdk/amazon-corretto-17.0.9.8.1-linux-x64/lib/libzip.so
7f3716a07000-7f3716a08000 r--p 00007000 103:09 2526983                   /home/vladimirkapyrin/javarush/sdk/amazon-corretto-17.0.9.8.1-linux-x64/lib/libzip.so
7f3716a08000-7f3716a09000 rw-p 00000000 00:00 0 
7f3716b00000-7f3716b04000 ---p 00000000 00:00 0 
7f3716b04000-7f3716c00000 rw-p 00000000 00:00 0 
7f3716c00000-7f3716c04000 ---p 00000000 00:00 0 
7f3716c04000-7f3716d00000 rw-p 00000000 00:00 0 
7f3716d00000-7f3716d04000 ---p 00000000 00:00 0 
7f3716d04000-7f3716e00000 rw-p 00000000 00:00 0 
7f3716e00000-7f3716e04000 ---p 00000000 00:00 0 
7f3716e04000-7f3716f00000 rw-p 00000000 00:00 0 
7f3716f00000-7f3716f04000 ---p 00000000 00:00 0 
7f3716f04000-7f3717150000 rw-p 00000000 00:00 0 
7f3717150000-7f3717400000 ---p 00000000 00:00 0 
7f3717400000-7f37174b0000 rw-p 00000000 00:00 0 
7f37174b0000-7f371b000000 ---p 00000000 00:00 0 
7f371b000000-7f371bbc6000 rw-p 00001000 103:09 2526995                   /home/vladimirkapyrin/javarush/sdk/amazon-corretto-17.0.9.8.1-linux-x64/lib/server/classes.jsa
7f371bbc6000-7f371c000000 ---p 00000000 00:00 0 
7f371c000000-7f371c020000 rw-p 00000000 00:00 0 
7f371c020000-7f371c040000 ---p 00000000 00:00 0 
7f371c040000-7f371c060000 rw-p 00000000 00:00 0 
7f371c060000-7f375c000000 ---p 00000000 00:00 0 
7f375c000000-7f375c021000 rw-p 00000000 00:00 0 
7f375c021000-7f3760000000 ---p 00000000 00:00 0 
7f3760000000-7f3760021000 rw-p 00000000 00:00 0 
7f3760021000-7f3764000000 ---p 00000000 00:00 0 
7f3764000000-7f3764021000 rw-p 00000000 00:00 0 
7f3764021000-7f3768000000 ---p 00000000 00:00 0 
7f3768000000-7f3768021000 rw-p 00000000 00:00 0 
7f3768021000-7f376c000000 ---p 00000000 00:00 0 
7f376c000000-7f376c021000 rw-p 00000000 00:00 0 
7f376c021000-7f3770000000 ---p 00000000 00:00 0 
7f3770000000-7f3770004000 ---p 00000000 00:00 0 
7f3770004000-7f3770100000 rw-p 00000000 00:00 0 
7f3770100000-7f3770104000 ---p 00000000 00:00 0 
7f3770104000-7f3770200000 rw-p 00000000 00:00 0 
7f3770200000-7f3770478000 r--p 00000000 103:09 273920                    /usr/share/runtime/locale/ru/lib/ru_RU.utf8/LC_COLLATE
7f3770500000-7f3770504000 ---p 00000000 00:00 0 
7f3770504000-7f3770600000 rw-p 00000000 00:00 0 
7f3770600000-7f3770604000 ---p 00000000 00:00 0 
7f3770604000-7f3770700000 rw-p 00000000 00:00 0 
7f3770700000-7f3770704000 ---p 00000000 00:00 0 
7f3770704000-7f3770800000 rw-p 00000000 00:00 0 
7f3770800000-7f37708ce000 r-xp 00000000 103:09 2527021                   /home/vladimirkapyrin/javarush/sdk/amazon-corretto-17.0.9.8.1-linux-x64/lib/libjsvml.so
7f37708ce000-7f3770acd000 ---p 000ce000 103:09 2527021                   /home/vladimirkapyrin/javarush/sdk/amazon-corretto-17.0.9.8.1-linux-x64/lib/libjsvml.so
7f3770acd000-7f3770ace000 r--p 000cd000 103:09 2527021                   /home/vladimirkapyrin/javarush/sdk/amazon-corretto-17.0.9.8.1-linux-x64/lib/libjsvml.so
7f3770ace000-7f3770acf000 rw-p 000ce000 103:09 2527021                   /home/vladimirkapyrin/javarush/sdk/amazon-corretto-17.0.9.8.1-linux-x64/lib/libjsvml.so
7f3770b7d000-7f3770b7e000 ---p 00000000 00:00 0 
7f3770b7e000-7f3770c7e000 rw-p 00000000 00:00 0 
7f3770c7e000-7f3770c7f000 ---p 00000000 00:00 0 
7f3770c7f000-7f3770d7f000 rw-p 00000000 00:00 0 
7f3770d7f000-7f3770d80000 ---p 00000000 00:00 0 
7f3770d80000-7f377388a000 rw-p 00000000 00:00 0 
7f377388a000-7f377388b000 ---p 00000000 00:00 0 
7f377388b000-7f377398b000 rw-p 00000000 00:00 0 
7f377398b000-7f377398c000 ---p 00000000 00:00 0 
7f377398c000-7f3773a8c000 rw-p 00000000 00:00 0 
7f3773a8c000-7f3773a8d000 ---p 00000000 00:00 0 
7f3773a8d000-7f3773f4d000 rw-p 00000000 00:00 0 
7f3773f4d000-7f3777775000 ---p 00000000 00:00 0 
7f3777775000-7f3777b45000 rw-p 00000000 00:00 0 
7f3777b45000-7f377b36d000 ---p 00000000 00:00 0 
7f377b36d000-7f377b3f5000 rw-p 00000000 00:00 0 
7f377b3f5000-7f377bafa000 ---p 00000000 00:00 0 
7f377bafa000-7f377bb74000 rw-p 00000000 00:00 0 
7f377bb74000-7f377c279000 ---p 00000000 00:00 0 
7f377c279000-7f377c2f3000 rw-p 00000000 00:00 0 
7f377c2f3000-7f377c9f8000 ---p 00000000 00:00 0 
7f377c9f8000-7f377d000000 rw-p 00000000 00:00 0 
7f377d000000-7f377d270000 rwxp 00000000 00:00 0 
7f377d270000-7f3784537000 ---p 00000000 00:00 0 
7f3784537000-7f37847a7000 rwxp 00000000 00:00 0 
7f37847a7000-7f3784ac9000 ---p 00000000 00:00 0 
7f3784ac9000-7f3784d39000 rwxp 00000000 00:00 0 
7f3784d39000-7f378c000000 ---p 00000000 00:00 0 
7f378c000000-7f378c024000 r-xp 00000000 103:09 2526976                   /home/vladimirkapyrin/javarush/sdk/amazon-corretto-17.0.9.8.1-linux-x64/lib/libjava.so
7f378c024000-7f378c224000 ---p 00024000 103:09 2526976                   /home/vladimirkapyrin/javarush/sdk/amazon-corretto-17.0.9.8.1-linux-x64/lib/libjava.so
7f378c224000-7f378c225000 r--p 00024000 103:09 2526976                   /home/vladimirkapyrin/javarush/sdk/amazon-corretto-17.0.9.8.1-linux-x64/lib/libjava.so
7f378c225000-7f378c226000 rw-p 00025000 103:09 2526976                   /home/vladimirkapyrin/javarush/sdk/amazon-corretto-17.0.9.8.1-linux-x64/lib/libjava.so
7f378c226000-7f378c227000 rw-p 00000000 00:00 0 
7f378c2ff000-7f378c400000 rw-p 00000000 00:00 0 
7f378c400000-7f3793fa8000 r--s 00000000 103:09 2526967                   /home/vladimirkapyrin/javarush/sdk/amazon-corretto-17.0.9.8.1-linux-x64/lib/modules
7f3793fa8000-7f3794000000 r--p 00000000 103:09 655570                    /usr/share/runtime/locale/ru/lib/ru_RU.utf8/LC_CTYPE
7f3794000000-7f3794492000 rw-p 00000000 00:00 0 
7f3794492000-7f3798000000 ---p 00000000 00:00 0 
7f3798021000-7f3798400000 rw-p 00000000 00:00 0 
7f3798400000-7f379840a000 r-xp 00000000 103:09 2527010                   /home/vladimirkapyrin/javarush/sdk/amazon-corretto-17.0.9.8.1-linux-x64/lib/libinstrument.so
7f379840a000-7f3798609000 ---p 0000a000 103:09 2527010                   /home/vladimirkapyrin/javarush/sdk/amazon-corretto-17.0.9.8.1-linux-x64/lib/libinstrument.so
7f3798609000-7f379860a000 r--p 00009000 103:09 2527010                   /home/vladimirkapyrin/javarush/sdk/amazon-corretto-17.0.9.8.1-linux-x64/lib/libinstrument.so
7f379860a000-7f379860b000 rw-p 0000a000 103:09 2527010                   /home/vladimirkapyrin/javarush/sdk/amazon-corretto-17.0.9.8.1-linux-x64/lib/libinstrument.so
7f379862a000-7f379862f000 rw-p 00000000 00:00 0 
7f379862f000-7f3798715000 ---p 00000000 00:00 0 
7f3798715000-7f379871a000 rw-p 00000000 00:00 0 
7f379871a000-7f3798800000 ---p 00000000 00:00 0 
7f3798800000-7f379881b000 r-xp 00000000 103:09 2526977                   /home/vladimirkapyrin/javarush/sdk/amazon-corretto-17.0.9.8.1-linux-x64/lib/libjimage.so
7f379881b000-7f3798a1a000 ---p 0001b000 103:09 2526977                   /home/vladimirkapyrin/javarush/sdk/amazon-corretto-17.0.9.8.1-linux-x64/lib/libjimage.so
7f3798a1a000-7f3798a1c000 r--p 0001a000 103:09 2526977                   /home/vladimirkapyrin/javarush/sdk/amazon-corretto-17.0.9.8.1-linux-x64/lib/libjimage.so
7f3798a1c000-7f3798a1d000 rw-p 0001c000 103:09 2526977                   /home/vladimirkapyrin/javarush/sdk/amazon-corretto-17.0.9.8.1-linux-x64/lib/libjimage.so
7f3798a43000-7f3798b00000 rw-p 00000000 00:00 0 
7f3798b00000-7f3798b04000 ---p 00000000 00:00 0 
7f3798b04000-7f3798c00000 rw-p 00000000 00:00 0 
7f3798c00000-7f3799ebd000 r-xp 00000000 103:09 2526991                   /home/vladimirkapyrin/javarush/sdk/amazon-corretto-17.0.9.8.1-linux-x64/lib/server/libjvm.so
7f3799ebd000-7f379a0bc000 ---p 012bd000 103:09 2526991                   /home/vladimirkapyrin/javarush/sdk/amazon-corretto-17.0.9.8.1-linux-x64/lib/server/libjvm.so
7f379a0bc000-7f379a175000 r--p 012bc000 103:09 2526991                   /home/vladimirkapyrin/javarush/sdk/amazon-corretto-17.0.9.8.1-linux-x64/lib/server/libjvm.so
7f379a175000-7f379a1aa000 rw-p 01375000 103:09 2526991                   /home/vladimirkapyrin/javarush/sdk/amazon-corretto-17.0.9.8.1-linux-x64/lib/server/libjvm.so
7f379a1aa000-7f379a204000 rw-p 00000000 00:00 0 
7f379a213000-7f379a239000 r--p 00000000 103:09 399163                    /usr/lib/x86_64-linux-gnu/libc.so.6
7f379a239000-7f379a39f000 r-xp 00026000 103:09 399163                    /usr/lib/x86_64-linux-gnu/libc.so.6
7f379a39f000-7f379a3ed000 r--p 0018c000 103:09 399163                    /usr/lib/x86_64-linux-gnu/libc.so.6
7f379a3ed000-7f379a3f1000 r--p 001d9000 103:09 399163                    /usr/lib/x86_64-linux-gnu/libc.so.6
7f379a3f1000-7f379a3f3000 rw-p 001dd000 103:09 399163                    /usr/lib/x86_64-linux-gnu/libc.so.6
7f379a3f3000-7f379a400000 rw-p 00000000 00:00 0 
7f379a400000-7f379a40f000 r-xp 00000000 103:09 2526978                   /home/vladimirkapyrin/javarush/sdk/amazon-corretto-17.0.9.8.1-linux-x64/lib/libjli.so
7f379a40f000-7f379a60e000 ---p 0000f000 103:09 2526978                   /home/vladimirkapyrin/javarush/sdk/amazon-corretto-17.0.9.8.1-linux-x64/lib/libjli.so
7f379a60e000-7f379a60f000 r--p 0000e000 103:09 2526978                   /home/vladimirkapyrin/javarush/sdk/amazon-corretto-17.0.9.8.1-linux-x64/lib/libjli.so
7f379a60f000-7f379a610000 rw-p 0000f000 103:09 2526978                   /home/vladimirkapyrin/javarush/sdk/amazon-corretto-17.0.9.8.1-linux-x64/lib/libjli.so
7f379a64e000-7f379a64f000 r--p 00000000 103:09 273751                    /usr/share/runtime/locale/ru/lib/ru_RU.utf8/LC_NUMERIC
7f379a64f000-7f379a650000 r--p 00000000 103:09 273810                    /usr/share/runtime/locale/ru/lib/ru_RU.utf8/LC_TIME
7f379a650000-7f379a651000 r--p 00000000 103:09 273826                    /usr/share/runtime/locale/ru/lib/ru_RU.utf8/LC_MONETARY
7f379a651000-7f379a652000 r--p 00000000 103:09 273750                    /usr/share/runtime/locale/ru/lib/ru_RU.utf8/LC_MESSAGES/SYS_LC_MESSAGES
7f379a652000-7f379a653000 r--p 00000000 103:09 273840                    /usr/share/runtime/locale/ru/lib/ru_RU.utf8/LC_PAPER
7f379a653000-7f379a654000 r--p 00000000 103:09 273812                    /usr/share/runtime/locale/ru/lib/ru_RU.utf8/LC_NAME
7f379a654000-7f379a655000 r--p 00000000 103:09 273748                    /usr/share/runtime/locale/ru/lib/ru_RU.utf8/LC_ADDRESS
7f379a655000-7f379a65c000 r--s 00000000 103:09 657076                    /usr/lib/x86_64-linux-gnu/gconv/gconv-modules.cache
7f379a65c000-7f379a661000 rw-p 00000000 00:00 0 
7f379a661000-7f379a668000 ---p 00000000 00:00 0 
7f379a668000-7f379a678000 r--p 00000000 103:09 658886                    /usr/lib/x86_64-linux-gnu/libm.so.6
7f379a678000-7f379a6f4000 r-xp 00010000 103:09 658886                    /usr/lib/x86_64-linux-gnu/libm.so.6
7f379a6f4000-7f379a74f000 r--p 0008c000 103:09 658886                    /usr/lib/x86_64-linux-gnu/libm.so.6
7f379a74f000-7f379a750000 r--p 000e6000 103:09 658886                    /usr/lib/x86_64-linux-gnu/libm.so.6
7f379a750000-7f379a751000 rw-p 000e7000 103:09 658886                    /usr/lib/x86_64-linux-gnu/libm.so.6
7f379a751000-7f379a752000 r--p 00000000 103:09 399303                    /usr/lib/x86_64-linux-gnu/librt.so.1
7f379a752000-7f379a753000 r-xp 00001000 103:09 399303                    /usr/lib/x86_64-linux-gnu/librt.so.1
7f379a753000-7f379a754000 r--p 00002000 103:09 399303                    /usr/lib/x86_64-linux-gnu/librt.so.1
7f379a754000-7f379a755000 r--p 00002000 103:09 399303                    /usr/lib/x86_64-linux-gnu/librt.so.1
7f379a755000-7f379a756000 rw-p 00003000 103:09 399303                    /usr/lib/x86_64-linux-gnu/librt.so.1
7f379a756000-7f379a75a000 rw-p 00000000 00:00 0 
7f379a75a000-7f379a75b000 r--p 00000000 103:09 399245                    /usr/lib/x86_64-linux-gnu/libdl.so.2
7f379a75b000-7f379a75c000 r-xp 00001000 103:09 399245                    /usr/lib/x86_64-linux-gnu/libdl.so.2
7f379a75c000-7f379a75d000 r--p 00002000 103:09 399245                    /usr/lib/x86_64-linux-gnu/libdl.so.2
7f379a75d000-7f379a75e000 r--p 00002000 103:09 399245                    /usr/lib/x86_64-linux-gnu/libdl.so.2
7f379a75e000-7f379a75f000 rw-p 00003000 103:09 399245                    /usr/lib/x86_64-linux-gnu/libdl.so.2
7f379a75f000-7f379a760000 r--p 00000000 103:09 399248                    /usr/lib/x86_64-linux-gnu/libpthread.so.0
7f379a760000-7f379a761000 r-xp 00001000 103:09 399248                    /usr/lib/x86_64-linux-gnu/libpthread.so.0
7f379a761000-7f379a762000 r--p 00002000 103:09 399248                    /usr/lib/x86_64-linux-gnu/libpthread.so.0
7f379a762000-7f379a763000 r--p 00002000 103:09 399248                    /usr/lib/x86_64-linux-gnu/libpthread.so.0
7f379a763000-7f379a764000 rw-p 00003000 103:09 399248                    /usr/lib/x86_64-linux-gnu/libpthread.so.0
7f379a764000-7f379a767000 r--p 00000000 103:09 660765                    /usr/lib/x86_64-linux-gnu/libz.so.1.3
7f379a767000-7f379a776000 r-xp 00003000 103:09 660765                    /usr/lib/x86_64-linux-gnu/libz.so.1.3
7f379a776000-7f379a77c000 r--p 00012000 103:09 660765                    /usr/lib/x86_64-linux-gnu/libz.so.1.3
7f379a77c000-7f379a77d000 r--p 00018000 103:09 660765                    /usr/lib/x86_64-linux-gnu/libz.so.1.3
7f379a77d000-7f379a77e000 rw-p 00019000 103:09 660765                    /usr/lib/x86_64-linux-gnu/libz.so.1.3
7f379a77e000-7f379a77f000 r--p 00000000 103:09 273891                    /usr/share/runtime/locale/ru/lib/ru_RU.utf8/LC_TELEPHONE
7f379a77f000-7f379a780000 r--p 00000000 103:09 273935                    /usr/share/runtime/locale/ru/lib/ru_RU.utf8/LC_MEASUREMENT
7f379a780000-7f379a781000 r--p 00000000 103:09 273908                    /usr/share/runtime/locale/ru/lib/ru_RU.utf8/LC_IDENTIFICATION
7f379a781000-7f379a789000 rw-s 00000000 00:33 4548                       /tmp/hsperfdata_vladimirkapyrin/17421
7f379a789000-7f379a78a000 ---p 00000000 00:00 0 
7f379a78a000-7f379a78b000 r--p 00000000 00:00 0 
7f379a78b000-7f379a78c000 ---p 00000000 00:00 0 
7f379a78c000-7f379a78e000 rw-p 00000000 00:00 0 
7f379a78e000-7f379a78f000 r--p 00000000 103:09 399233                    /usr/lib/x86_64-linux-gnu/ld-linux-x86-64.so.2
7f379a78f000-7f379a7b6000 r-xp 00001000 103:09 399233                    /usr/lib/x86_64-linux-gnu/ld-linux-x86-64.so.2
7f379a7b6000-7f379a7c0000 r--p 00028000 103:09 399233                    /usr/lib/x86_64-linux-gnu/ld-linux-x86-64.so.2
7f379a7c0000-7f379a7c2000 r--p 00031000 103:09 399233                    /usr/lib/x86_64-linux-gnu/ld-linux-x86-64.so.2
7f379a7c2000-7f379a7c4000 rw-p 00033000 103:09 399233                    /usr/lib/x86_64-linux-gnu/ld-linux-x86-64.so.2
7ffc1bda6000-7ffc1bdc8000 rw-p 00000000 00:00 0                          [stack]
7ffc1bdf3000-7ffc1bdf7000 r--p 00000000 00:00 0                          [vvar]
7ffc1bdf7000-7ffc1bdf9000 r-xp 00000000 00:00 0                          [vdso]
ffffffffff600000-ffffffffff601000 --xp 00000000 00:00 0                  [vsyscall]


VM Arguments:
jvm_args: -Dvisualvm.id=26801371420371 -Dmaven.multiModuleProjectDirectory=/home/vladimirkapyrin/IdeaProjects/Spring_1 -Djansi.passthrough=true -Dmaven.home=/app/extra/IDEA-U/plugins/maven/lib/maven3 -Dclassworlds.conf=/app/extra/IDEA-U/plugins/maven/lib/maven3/bin/m2.conf -Dmaven.ext.class.path=/app/extra/IDEA-U/plugins/maven/lib/maven-event-listener.jar -javaagent:/app/extra/IDEA-U/lib/idea_rt.jar=38217:/app/extra/IDEA-U/bin -Dfile.encoding=UTF-8 
java_command: org.codehaus.classworlds.Launcher -Didea.version=2023.3.3 install
java_class_path (initial): /app/extra/IDEA-U/plugins/maven/lib/maven3/boot/plexus-classworlds.license:/app/extra/IDEA-U/plugins/maven/lib/maven3/boot/plexus-classworlds-2.7.0.jar
Launcher Type: SUN_STANDARD

[Global flags]
     intx CICompilerCount                          = 4                                         {product} {ergonomic}
     uint ConcGCThreads                            = 3                                         {product} {ergonomic}
     uint G1ConcRefinementThreads                  = 10                                        {product} {ergonomic}
   size_t G1HeapRegionSize                         = 2097152                                   {product} {ergonomic}
    uintx GCDrainStackTargetSize                   = 64                                        {product} {ergonomic}
   size_t InitialHeapSize                          = 251658240                                 {product} {ergonomic}
   size_t MarkStackSize                            = 4194304                                   {product} {ergonomic}
   size_t MaxHeapSize                              = 4024434688                                {product} {ergonomic}
   size_t MaxNewSize                               = 2413821952                                {product} {ergonomic}
   size_t MinHeapDeltaBytes                        = 2097152                                   {product} {ergonomic}
   size_t MinHeapSize                              = 8388608                                   {product} {ergonomic}
    uintx NonNMethodCodeHeapSize                   = 5839372                                {pd product} {ergonomic}
    uintx NonProfiledCodeHeapSize                  = 122909434                              {pd product} {ergonomic}
    uintx ProfiledCodeHeapSize                     = 122909434                              {pd product} {ergonomic}
    uintx ReservedCodeCacheSize                    = 251658240                              {pd product} {ergonomic}
     bool SegmentedCodeCache                       = true                                      {product} {ergonomic}
   size_t SoftMaxHeapSize                          = 4024434688                             {manageable} {ergonomic}
     bool UseCompressedClassPointers               = true                           {product lp64_product} {ergonomic}
     bool UseCompressedOops                        = true                           {product lp64_product} {ergonomic}
     bool UseG1GC                                  = true                                      {product} {ergonomic}

Logging:
Log output configuration:
 #0: stdout all=warning uptime,level,tags
 #1: stderr all=off uptime,level,tags

Environment Variables:
PATH=/app/bin:/usr/bin:/home/vladimirkapyrin/.var/app/com.jetbrains.IntelliJ-IDEA-Ultimate/data/node/bin:/home/vladimirkapyrin/.var/app/com.jetbrains.IntelliJ-IDEA-Ultimate/data/cargo/bin:/home/vladimirkapyrin/.var/app/com.jetbrains.IntelliJ-IDEA-Ultimate/data/python/bin:/home/vladimirkapyrin/.var/app/com.jetbrains.IntelliJ-IDEA-Ultimate/data/gem/ruby/3.2.0/bin
XDG_CACHE_HOME=/home/vladimirkapyrin/.var/app/com.jetbrains.IntelliJ-IDEA-Ultimate/cache
XDG_CONFIG_HOME=/home/vladimirkapyrin/.var/app/com.jetbrains.IntelliJ-IDEA-Ultimate/config
LD_LIBRARY_PATH=
SHELL=/bin/sh
DISPLAY=:99.0
LANG=ru_RU.UTF-8
LC_NUMERIC=ru_RU.UTF-8
LC_TIME=ru_RU.UTF-8
TMPDIR=/run/user/1000/app/com.jetbrains.IntelliJ-IDEA-Ultimate

Active Locale:
LC_ALL=ru_RU.UTF-8
LC_COLLATE=ru_RU.UTF-8
LC_CTYPE=ru_RU.UTF-8
LC_MESSAGES=ru_RU.UTF-8
LC_MONETARY=ru_RU.UTF-8
LC_NUMERIC=ru_RU.UTF-8
LC_TIME=ru_RU.UTF-8

Signal Handlers:
   SIGSEGV: crash_handler in libjvm.so, mask=11100100010111111101111111111110, flags=SA_RESTART|SA_SIGINFO, unblocked
    SIGBUS: crash_handler in libjvm.so, mask=11100100010111111101111111111110, flags=SA_RESTART|SA_SIGINFO, unblocked
    SIGFPE: crash_handler in libjvm.so, mask=11100100010111111101111111111110, flags=SA_RESTART|SA_SIGINFO, unblocked
   SIGPIPE: javaSignalHandler in libjvm.so, mask=11100100010111111101111111111110, flags=SA_RESTART|SA_SIGINFO, blocked
   SIGXFSZ: javaSignalHandler in libjvm.so, mask=11100100010111111101111111111110, flags=SA_RESTART|SA_SIGINFO, blocked
    SIGILL: crash_handler in libjvm.so, mask=11100100010111111101111111111110, flags=SA_RESTART|SA_SIGINFO, unblocked
   SIGUSR2: SR_handler in libjvm.so, mask=00100000000000000000000000000000, flags=SA_RESTART|SA_SIGINFO, blocked
    SIGHUP: UserHandler in libjvm.so, mask=11100100010111111101111111111110, flags=SA_RESTART|SA_SIGINFO, blocked
    SIGINT: UserHandler in libjvm.so, mask=11100100010111111101111111111110, flags=SA_RESTART|SA_SIGINFO, blocked
   SIGTERM: UserHandler in libjvm.so, mask=11100100010111111101111111111110, flags=SA_RESTART|SA_SIGINFO, blocked
   SIGQUIT: UserHandler in libjvm.so, mask=11100100010111111101111111111110, flags=SA_RESTART|SA_SIGINFO, blocked
   SIGTRAP: crash_handler in libjvm.so, mask=11100100010111111101111111111110, flags=SA_RESTART|SA_SIGINFO, unblocked


Periodic native trim disabled


---------------  S Y S T E M  ---------------

OS:
NAME="Freedesktop SDK"
VERSION="23.08 (Flatpak runtime)"
VERSION_ID=23.08
ID=org.freedesktop.platform
PRETTY_NAME="Freedesktop SDK 23.08 (Flatpak runtime)"
BUG_REPORT_URL=https://gitlab.com/freedesktop-sdk/freedesktop-sdk/issues
uname: Linux 6.5.0-15-generic #15~22.04.1-Ubuntu SMP PREEMPT_DYNAMIC Fri Jan 12 18:54:30 UTC 2 x86_64
OS uptime: 1 days 2:59 hours
libc: glibc 2.38 NPTL 2.38 
rlimit (soft/hard): STACK 8192k/infinity , CORE 0k/infinity , NPROC 60866/60866 , NOFILE 1048576/1048576 , AS infinity/infinity , CPU infinity/infinity , DATA infinity/infinity , FSIZE infinity/infinity , MEMLOCK 1964440k/1964440k
load average: 1,24 0,77 0,61

/proc/meminfo:
MemTotal:       15715520 kB
MemFree:         1687316 kB
MemAvailable:    4673224 kB
Buffers:          183372 kB
Cached:          3133340 kB
SwapCached:        58504 kB
Active:          8309688 kB
Inactive:        3179812 kB
Active(anon):    6744360 kB
Inactive(anon):  1618888 kB
Active(file):    1565328 kB
Inactive(file):  1560924 kB
Unevictable:          80 kB
Mlocked:              80 kB
SwapTotal:       5242876 kB
SwapFree:        4284860 kB
Zswap:                 0 kB
Zswapped:              0 kB
Dirty:               508 kB
Writeback:             0 kB
AnonPages:       8150584 kB
Mapped:          1331316 kB
Shmem:            190460 kB
KReclaimable:     202424 kB
Slab:             413044 kB
SReclaimable:     202424 kB
SUnreclaim:       210620 kB
KernelStack:       32400 kB
PageTables:        80632 kB
SecPageTables:         0 kB
NFS_Unstable:          0 kB
Bounce:                0 kB
WritebackTmp:          0 kB
CommitLimit:    13100636 kB
Committed_AS:   26331200 kB
VmallocTotal:   34359738367 kB
VmallocUsed:       93336 kB
VmallocChunk:          0 kB
Percpu:            14528 kB
HardwareCorrupted:     0 kB
AnonHugePages:         0 kB
ShmemHugePages:        0 kB
ShmemPmdMapped:        0 kB
FileHugePages:         0 kB
FilePmdMapped:         0 kB
Unaccepted:            0 kB
HugePages_Total:       0
HugePages_Free:        0
HugePages_Rsvd:        0
HugePages_Surp:        0
Hugepagesize:       2048 kB
Hugetlb:               0 kB
DirectMap4k:     2625228 kB
DirectMap2M:    13494272 kB
DirectMap1G:     1048576 kB

/sys/kernel/mm/transparent_hugepage/enabled: <Not Available>
/sys/kernel/mm/transparent_hugepage/defrag (defrag/compaction efforts parameter): <Not Available>

Process Memory:
Virtual Size: 6957720K (peak: 6957720K)
Resident Set Size: 54160K (peak: 54160K) (anon: 33280K, file: 20880K, shmem: 0K)
Swapped out: 0K
C-Heap outstanding allocations: 32649K, retained: 2442K
glibc malloc tunables: (default)

/proc/sys/kernel/threads-max (system-wide limit on the number of threads): 121733
/proc/sys/vm/max_map_count (maximum number of memory map areas a process may have): 65530
/proc/sys/kernel/pid_max (system-wide limit on number of process identifiers): 4194304

container information not found.
Steal ticks since vm start: 0
Steal ticks percentage since vm start:  0,000

CPU: total 16 (initial active 12) (12 cores per cpu, 2 threads per core) family 23 model 96 stepping 1 microcode 0x8600104, cx8, cmov, fxsr, ht, mmx, 3dnowpref, sse, sse2, sse3, ssse3, sse4a, sse4.1, sse4.2, popcnt, lzcnt, tsc, tscinvbit, avx, avx2, aes, clmul, bmi1, bmi2, adx, sha, fma, vzeroupper, clflush, clflushopt
CPU Model and flags from /proc/cpuinfo:
model name	: AMD Ryzen 5 4600H with Radeon Graphics
flags		: fpu vme de pse tsc msr pae mce cx8 apic sep mtrr pge mca cmov pat pse36 clflush mmx fxsr sse sse2 ht syscall nx mmxext fxsr_opt pdpe1gb rdtscp lm constant_tsc rep_good nopl nonstop_tsc cpuid extd_apicid aperfmperf rapl pni pclmulqdq monitor ssse3 fma cx16 sse4_1 sse4_2 movbe popcnt aes xsave avx f16c rdrand lahf_lm cmp_legacy svm extapic cr8_legacy abm sse4a misalignsse 3dnowprefetch osvw ibs skinit wdt tce topoext perfctr_core perfctr_nb bpext perfctr_llc mwaitx cpb cat_l3 cdp_l3 hw_pstate ssbd mba ibrs ibpb stibp vmmcall fsgsbase bmi1 avx2 smep bmi2 cqm rdt_a rdseed adx smap clflushopt clwb sha_ni xsaveopt xsavec xgetbv1 cqm_llc cqm_occup_llc cqm_mbm_total cqm_mbm_local clzero irperf xsaveerptr rdpru wbnoinvd cppc arat npt lbrv svm_lock nrip_save tsc_scale vmcb_clean flushbyasid decodeassists pausefilter pfthreshold avic v_vmsave_vmload vgif v_spec_ctrl umip rdpid overflow_recov succor smca

Online cpus: 0-11
Offline cpus: 12-15
BIOS frequency limitation: 3000000
Frequency switch latency (ns): 0
Available cpu frequencies: 3000000 1700000 1400000 
Current governor: schedutil
Core performance/turbo boost: 1

Memory: 4k page, physical 15715520k(1687316k free), swap 5242876k(4284860k free)
Page Sizes: 4k

vm_info: OpenJDK 64-Bit Server VM (17.0.9+8-LTS) for linux-amd64 JRE (17.0.9+8-LTS), built on Oct 12 2023 16:08:23 by "jenkins" with gcc 7.3.1 20180303 (Red Hat 7.3.1-5)

END.
